#
# There is insufficient memory for the Java Runtime Environment to continue.
# Native memory allocation (malloc) failed to allocate 32756 bytes for ChunkPool::allocate
# Possible reasons:
#   The system is out of physical RAM or swap space
#   In 32 bit mode, the process size limit was hit
# Possible solutions:
#   Reduce memory load on the system
#   Increase physical memory or swap space
#   Check if swap backing store is full
#   Use 64 bit Java on a 64 bit OS
#   Decrease Java heap size (-Xmx/-Xms)
#   Decrease number of Java threads
#   Decrease Java thread stack sizes (-Xss)
#   Set larger code cache with -XX:ReservedCodeCacheSize=
# This output file may be truncated or incomplete.
#
#  Out of Memory Error (allocation.cpp:273), pid=4984, tid=0x00001474
#
# JRE version: Java(TM) SE Runtime Environment (8.0_151-b12) (build 1.8.0_151-b12)
# Java VM: Java HotSpot(TM) Client VM (25.151-b12 mixed mode windows-x86 )
# Failed to write core dump. Minidumps are not enabled by default on client versions of Windows
#

---------------  T H R E A D  ---------------

Current thread (0x45a0b800):  JavaThread "C1 CompilerThread0" daemon [_thread_in_native, id=5236, stack(0x45ee0000,0x45f30000)]

Stack: [0x45ee0000,0x45f30000],  sp=0x45f2eb60,  free space=314k
Native frames: (J=compiled Java code, j=interpreted, Vv=VM code, C=native code)
V  [jvm.dll+0x1aa59b]
V  [jvm.dll+0x1a2de8]
V  [jvm.dll+0x8cce1]
V  [jvm.dll+0x8cebd]
V  [jvm.dll+0x8d357]
V  [jvm.dll+0xa4bf4]
V  [jvm.dll+0x1a2479]
V  [jvm.dll+0x1a2598]
V  [jvm.dll+0x2a1384]
V  [jvm.dll+0x2a5dff]
V  [jvm.dll+0x28a599]
V  [jvm.dll+0x28a66a]
V  [jvm.dll+0x28a7d8]
V  [jvm.dll+0x28aa52]
V  [jvm.dll+0x7072a]
V  [jvm.dll+0x70edf]
V  [jvm.dll+0x17da50]
V  [jvm.dll+0x17e2ca]
V  [jvm.dll+0x1c2cb6]
C  [msvcr100.dll+0x5c556]
C  [msvcr100.dll+0x5c600]
C  [KERNEL32.DLL+0x16359]
C  [ntdll.dll+0x67b74]
C  [ntdll.dll+0x67b44]
C  0x00000000


Current CompileTask:
C1:  18228 5034 % !         com.android.tools.r8.dex.c::b @ 242 (2274 bytes)


---------------  P R O C E S S  ---------------

Java Threads: ( => current thread )
  0x45a39400 JavaThread "ForkJoinPool-1-worker-0" daemon [_thread_blocked, id=7028, stack(0x46650000,0x466a0000)]
  0x4622c000 JavaThread "ForkJoinPool-1-worker-1" daemon [_thread_blocked, id=7172, stack(0x465c0000,0x46610000)]
  0x45a00800 JavaThread "Service Thread" daemon [_thread_blocked, id=5380, stack(0x45f70000,0x45fc0000)]
=>0x45a0b800 JavaThread "C1 CompilerThread0" daemon [_thread_in_native, id=5236, stack(0x45ee0000,0x45f30000)]
  0x45a0a000 JavaThread "Attach Listener" daemon [_thread_blocked, id=8308, stack(0x45e50000,0x45ea0000)]
  0x45a08000 JavaThread "Signal Dispatcher" daemon [_thread_blocked, id=2436, stack(0x45dc0000,0x45e10000)]
  0x459eac00 JavaThread "Finalizer" daemon [_thread_blocked, id=2596, stack(0x45c10000,0x45c60000)]
  0x459d5000 JavaThread "Reference Handler" daemon [_thread_blocked, id=1036, stack(0x051b0000,0x05200000)]
  0x0173d000 JavaThread "main" [_thread_blocked, id=8300, stack(0x01760000,0x017b0000)]

Other Threads:
  0x0309e000 VMThread [stack: 0x05120000,0x05170000] [id=9128]
  0x45a04800 WatcherThread [stack: 0x46000000,0x46050000] [id=2952]

VM state:at safepoint (normal execution)

VM Mutex/Monitor currently owned by a thread:  ([mutex/lock_event])
[0x0173c770] Threads_lock - owner thread: 0x0309e000
[0x0173c158] Heap_lock - owner thread: 0x45a39400

Heap:
 def new generation   total 20608K, used 20608K [0x05200000, 0x06850000, 0x1a750000)
  eden space 18368K, 100% used [0x05200000, 0x063f0000, 0x063f0000)
  from space 2240K, 100% used [0x06620000, 0x06850000, 0x06850000)
  to   space 2240K,   0% used [0x063f0000, 0x063f0000, 0x06620000)
 tenured generation   total 49348K, used 49255K [0x1a750000, 0x1d781000, 0x45200000)
   the space 49348K,  99% used [0x1a750000, 0x1d769d18, 0x1d769e00, 0x1d781000)
 Metaspace       used 8531K, capacity 9092K, committed 9216K, reserved 9600K

Card table byte_map: [0x45200000,0x45410000] byte_map_base: 0x451d7000

Polling page: 0x01550000

CodeCache: size=32768Kb used=4942Kb max_used=5101Kb free=27825Kb
 bounds [0x030a0000, 0x035b0000, 0x050a0000]
 total_blobs=3014 nmethods=2838 adapters=104
 compilation: enabled

Compilation events (10 events):
Event: 17.817 Thread 0x45a0b800 nmethod 5028 0x0337a808 code [0x0337a9b0, 0x0337b0d4]
Event: 17.825 Thread 0x45a0b800 5029             com.android.tools.r8.dex.c$$Lambda$221/27091022::get$Lambda (11 bytes)
Event: 17.825 Thread 0x45a0b800 nmethod 5029 0x0337a5c8 code [0x0337a6c0, 0x0337a7b0]
Event: 17.825 Thread 0x45a0b800 5030             com.android.tools.r8.dex.c$$Lambda$221/27091022::<init> (20 bytes)
Event: 17.825 Thread 0x45a0b800 nmethod 5030 0x0337a3c8 code [0x0337a4c0, 0x0337a570]
Event: 17.982 Thread 0x45a0b800 5032             com.android.tools.r8.dex.c$$Lambda$222/20820329::apply (14 bytes)
Event: 17.983 Thread 0x45a0b800 nmethod 5032 0x0337a188 code [0x0337a290, 0x0337a34c]
Event: 17.984 Thread 0x45a0b800 5033             java.lang.String::compareTo (9 bytes)
Event: 17.984 Thread 0x45a0b800 nmethod 5033 0x0325acc8 code [0x0325add0, 0x0325ae7c]
Event: 18.009 Thread 0x45a0b800 5034 % !         com.android.tools.r8.dex.c::b @ 242 (2274 bytes)

GC Heap History (10 events):
Event: 16.526 GC heap before
{Heap before GC invocations=204 (full 8):
 def new generation   total 20608K, used 18790K [0x05200000, 0x06850000, 0x1a750000)
  eden space 18368K, 100% used [0x05200000, 0x063f0000, 0x063f0000)
  from space 2240K,  18% used [0x06620000, 0x06689938, 0x06850000)
  to   space 2240K,   0% used [0x063f0000, 0x063f0000, 0x06620000)
 tenured generation   total 45624K, used 42367K [0x1a750000, 0x1d3de000, 0x45200000)
   the space 45624K,  92% used [0x1a750000, 0x1d0afd28, 0x1d0afe00, 0x1d3de000)
 Metaspace       used 7818K, capacity 8329K, committed 8448K, reserved 8576K
Event: 16.528 GC heap after
Heap after GC invocations=205 (full 8):
 def new generation   total 20608K, used 578K [0x05200000, 0x06850000, 0x1a750000)
  eden space 18368K,   0% used [0x05200000, 0x05200000, 0x063f0000)
  from space 2240K,  25% used [0x063f0000, 0x064809e0, 0x06620000)
  to   space 2240K,   0% used [0x06620000, 0x06620000, 0x06850000)
 tenured generation   total 45624K, used 42367K [0x1a750000, 0x1d3de000, 0x45200000)
   the space 45624K,  92% used [0x1a750000, 0x1d0afd28, 0x1d0afe00, 0x1d3de000)
 Metaspace       used 7818K, capacity 8329K, committed 8448K, reserved 8576K
}
Event: 16.924 GC heap before
{Heap before GC invocations=205 (full 8):
 def new generation   total 20608K, used 18946K [0x05200000, 0x06850000, 0x1a750000)
  eden space 18368K, 100% used [0x05200000, 0x063f0000, 0x063f0000)
  from space 2240K,  25% used [0x063f0000, 0x064809e0, 0x06620000)
  to   space 2240K,   0% used [0x06620000, 0x06620000, 0x06850000)
 tenured generation   total 45624K, used 42367K [0x1a750000, 0x1d3de000, 0x45200000)
   the space 45624K,  92% used [0x1a750000, 0x1d0afd28, 0x1d0afe00, 0x1d3de000)
 Metaspace       used 8322K, capacity 8847K, committed 8960K, reserved 9600K
Event: 16.937 GC heap after
Heap after GC invocations=206 (full 8):
 def new generation   total 20608K, used 2240K [0x05200000, 0x06850000, 0x1a750000)
  eden space 18368K,   0% used [0x05200000, 0x05200000, 0x063f0000)
  from space 2240K, 100% used [0x06620000, 0x06850000, 0x06850000)
  to   space 2240K,   0% used [0x063f0000, 0x063f0000, 0x06620000)
 tenured generation   total 45624K, used 43020K [0x1a750000, 0x1d3de000, 0x45200000)
   the space 45624K,  94% used [0x1a750000, 0x1d153110, 0x1d153200, 0x1d3de000)
 Metaspace       used 8322K, capacity 8847K, committed 8960K, reserved 9600K
}
Event: 17.217 GC heap before
{Heap before GC invocations=206 (full 8):
 def new generation   total 20608K, used 20608K [0x05200000, 0x06850000, 0x1a750000)
  eden space 18368K, 100% used [0x05200000, 0x063f0000, 0x063f0000)
  from space 2240K, 100% used [0x06620000, 0x06850000, 0x06850000)
  to   space 2240K,   0% used [0x063f0000, 0x063f0000, 0x06620000)
 tenured generation   total 45624K, used 43020K [0x1a750000, 0x1d3de000, 0x45200000)
   the space 45624K,  94% used [0x1a750000, 0x1d153110, 0x1d153200, 0x1d3de000)
 Metaspace       used 8387K, capacity 8912K, committed 8960K, reserved 9600K
Event: 17.229 GC heap after
Heap after GC invocations=207 (full 8):
 def new generation   total 20608K, used 2229K [0x05200000, 0x06850000, 0x1a750000)
  eden space 18368K,   0% used [0x05200000, 0x05200000, 0x063f0000)
  from space 2240K,  99% used [0x063f0000, 0x0661d6d0, 0x06620000)
  to   space 2240K,   0% used [0x06620000, 0x06620000, 0x06850000)
 tenured generation   total 45624K, used 45248K [0x1a750000, 0x1d3de000, 0x45200000)
   the space 45624K,  99% used [0x1a750000, 0x1d3800f0, 0x1d380200, 0x1d3de000)
 Metaspace       used 8387K, capacity 8912K, committed 8960K, reserved 9600K
}
Event: 17.606 GC heap before
{Heap before GC invocations=207 (full 8):
 def new generation   total 20608K, used 20597K [0x05200000, 0x06850000, 0x1a750000)
  eden space 18368K, 100% used [0x05200000, 0x063f0000, 0x063f0000)
  from space 2240K,  99% used [0x063f0000, 0x0661d6d0, 0x06620000)
  to   space 2240K,   0% used [0x06620000, 0x06620000, 0x06850000)
 tenured generation   total 45624K, used 45248K [0x1a750000, 0x1d3de000, 0x45200000)
   the space 45624K,  99% used [0x1a750000, 0x1d3800f0, 0x1d380200, 0x1d3de000)
 Metaspace       used 8520K, capacity 9080K, committed 9088K, reserved 9600K
Event: 17.808 GC heap after
Heap after GC invocations=208 (full 9):
 def new generation   total 20608K, used 0K [0x05200000, 0x06850000, 0x1a750000)
  eden space 18368K,   0% used [0x05200000, 0x05200000, 0x063f0000)
  from space 2240K,   0% used [0x06620000, 0x06620000, 0x06850000)
  to   space 2240K,   0% used [0x063f0000, 0x063f0000, 0x06620000)
 tenured generation   total 47948K, used 47562K [0x1a750000, 0x1d623000, 0x45200000)
   the space 47948K,  99% used [0x1a750000, 0x1d5c2928, 0x1d5c2a00, 0x1d623000)
 Metaspace       used 8520K, capacity 9080K, committed 9088K, reserved 9600K
}
Event: 17.833 GC heap before
{Heap before GC invocations=208 (full 9):
 def new generation   total 20608K, used 18368K [0x05200000, 0x06850000, 0x1a750000)
  eden space 18368K, 100% used [0x05200000, 0x063f0000, 0x063f0000)
  from space 2240K,   0% used [0x06620000, 0x06620000, 0x06850000)
  to   space 2240K,   0% used [0x063f0000, 0x063f0000, 0x06620000)
 tenured generation   total 47948K, used 47562K [0x1a750000, 0x1d623000, 0x45200000)
   the space 47948K,  99% used [0x1a750000, 0x1d5c2928, 0x1d5c2a00, 0x1d623000)
 Metaspace       used 8520K, capacity 9080K, committed 9088K, reserved 9600K
Event: 17.972 GC heap after
Heap after GC invocations=209 (full 10):
 def new generation   total 20608K, used 1448K [0x05200000, 0x06850000, 0x1a750000)
  eden space 18368K,   7% used [0x05200000, 0x0536a0e0, 0x063f0000)
  from space 2240K,   0% used [0x063f0000, 0x063f0000, 0x06620000)
  to   space 2240K,   0% used [0x06620000, 0x06620000, 0x06850000)
 tenured generation   total 48332K, used 48331K [0x1a750000, 0x1d683000, 0x45200000)
   the space 48332K,  99% used [0x1a750000, 0x1d682f78, 0x1d683000, 0x1d683000)
 Metaspace       used 8520K, capacity 9080K, committed 9088K, reserved 9600K
}

Deoptimization events (0 events):
No events

Internal exceptions (10 events):
Event: 3.548 Thread 0x0173d000 Exception <a 'java/lang/NoSuchMethodError': java.lang.Object.lambda$identity$2(Ljava/lang/Object;)Ljava/lang/Object;> (0x05279708) thrown at [C:\workspace\8-2-build-windows-i586-cygwin\jdk8u151\9699\hotspot\src\share\vm\interpreter\linkResolver.cpp, line 
Event: 3.625 Thread 0x0173d000 Exception <a 'java/security/PrivilegedActionException'> (0x052b89a0) thrown at [C:\workspace\8-2-build-windows-i586-cygwin\jdk8u151\9699\hotspot\src\share\vm\prims\jvm.cpp, line 1390]
Event: 3.625 Thread 0x0173d000 Exception <a 'java/security/PrivilegedActionException'> (0x052b8ba0) thrown at [C:\workspace\8-2-build-windows-i586-cygwin\jdk8u151\9699\hotspot\src\share\vm\prims\jvm.cpp, line 1390]
Event: 3.626 Thread 0x0173d000 Exception <a 'java/security/PrivilegedActionException'> (0x052bcc78) thrown at [C:\workspace\8-2-build-windows-i586-cygwin\jdk8u151\9699\hotspot\src\share\vm\prims\jvm.cpp, line 1390]
Event: 3.626 Thread 0x0173d000 Exception <a 'java/security/PrivilegedActionException'> (0x052bce78) thrown at [C:\workspace\8-2-build-windows-i586-cygwin\jdk8u151\9699\hotspot\src\share\vm\prims\jvm.cpp, line 1390]
Event: 7.527 Thread 0x4622c000 Exception <a 'java/lang/NoSuchMethodError': java.lang.Object.lambda$comparingInt$7b0bb60$1(Ljava/util/function/ToIntFunction;Ljava/lang/Object;Ljava/lang/Object;)I> (0x054bb740) thrown at [C:\workspace\8-2-build-windows-i586-cygwin\jdk8u151\9699\hotspot\s
Event: 7.527 Thread 0x45a39400 Exception <a 'java/lang/NoSuchMethodError': java.lang.Object.lambda$comparingInt$7b0bb60$1(Ljava/util/function/ToIntFunction;Ljava/lang/Object;Ljava/lang/Object;)I> (0x05482e50) thrown at [C:\workspace\8-2-build-windows-i586-cygwin\jdk8u151\9699\hotspot\s
Event: 7.530 Thread 0x45a39400 Exception <a 'java/lang/NoSuchMethodError': java.lang.Object.lambda$maxBy$1(Ljava/util/Comparator;Ljava/lang/Object;Ljava/lang/Object;)Ljava/lang/Object;> (0x054e01d0) thrown at [C:\workspace\8-2-build-windows-i586-cygwin\jdk8u151\9699\hotspot\src\share\v
Event: 7.530 Thread 0x4622c000 Exception <a 'java/lang/NoSuchMethodError': java.lang.Object.lambda$maxBy$1(Ljava/util/Comparator;Ljava/lang/Object;Ljava/lang/Object;)Ljava/lang/Object;> (0x054c64d0) thrown at [C:\workspace\8-2-build-windows-i586-cygwin\jdk8u151\9699\hotspot\src\share\v
Event: 16.680 Thread 0x0173d000 Exception <a 'java/lang/NoSuchMethodError': java.lang.Object.lambda$comparing$77a9974f$1(Ljava/util/function/Function;Ljava/lang/Object;Ljava/lang/Object;)I> (0x05c2a410) thrown at [C:\workspace\8-2-build-windows-i586-cygwin\jdk8u151\9699\hotspot\src\shar

Events (10 events):
Event: 17.983 Thread 0x45a0b800 flushing nmethod 0x031c3fc8
Event: 17.983 Thread 0x45a0b800 flushing nmethod 0x031f6308
Event: 17.983 Thread 0x45a0b800 flushing nmethod 0x03241fc8
Event: 17.984 Thread 0x45a0b800 flushing nmethod 0x0324f288
Event: 17.984 Thread 0x45a0b800 flushing nmethod 0x032580c8
Event: 17.984 Thread 0x45a0b800 flushing nmethod 0x03258748
Event: 17.984 Thread 0x45a0b800 flushing nmethod 0x0325abc8
Event: 17.985 Thread 0x45a0b800 flushing nmethod 0x0343d248
Event: 18.007 loading class com/android/tools/r8/utils/LebUtils
Event: 18.007 loading class com/android/tools/r8/utils/LebUtils done


Dynamic libraries:
0x00540000 - 0x00573000 	C:\Program Files (x86)\Java\jdk1.8.0_151\bin\java.exe
0x77350000 - 0x774ea000 	C:\WINDOWS\SYSTEM32\ntdll.dll
0x77260000 - 0x77340000 	C:\WINDOWS\System32\KERNEL32.DLL
0x76d90000 - 0x76f8e000 	C:\WINDOWS\System32\KERNELBASE.dll
0x70db0000 - 0x70e4f000 	C:\WINDOWS\SYSTEM32\apphelp.dll
0x761d0000 - 0x76249000 	C:\WINDOWS\System32\ADVAPI32.dll
0x74b40000 - 0x74bff000 	C:\WINDOWS\System32\msvcrt.dll
0x75320000 - 0x75396000 	C:\WINDOWS\System32\sechost.dll
0x75b90000 - 0x75c4b000 	C:\WINDOWS\System32\RPCRT4.dll
0x74b20000 - 0x74b40000 	C:\WINDOWS\System32\SspiCli.dll
0x74b10000 - 0x74b1a000 	C:\WINDOWS\System32\CRYPTBASE.dll
0x754f0000 - 0x7554f000 	C:\WINDOWS\System32\bcryptPrimitives.dll
0x75670000 - 0x75807000 	C:\WINDOWS\System32\USER32.dll
0x76980000 - 0x76997000 	C:\WINDOWS\System32\win32u.dll
0x770a0000 - 0x770c1000 	C:\WINDOWS\System32\GDI32.dll
0x75920000 - 0x75a7a000 	C:\WINDOWS\System32\gdi32full.dll
0x77160000 - 0x771dc000 	C:\WINDOWS\System32\msvcp_win.dll
0x76250000 - 0x7636f000 	C:\WINDOWS\System32\ucrtbase.dll
0x746a0000 - 0x748af000 	C:\WINDOWS\WinSxS\x86_microsoft.windows.common-controls_6595b64144ccf1df_6.0.18362.720_none_2e6bec9c2790ac71\COMCTL32.dll
0x76aa0000 - 0x76d15000 	C:\WINDOWS\System32\combase.dll
0x74cb0000 - 0x74cd5000 	C:\WINDOWS\System32\IMM32.DLL
0x50210000 - 0x502cf000 	C:\Program Files (x86)\Java\jdk1.8.0_151\jre\bin\msvcr100.dll
0x77c30000 - 0x77ffe000 	C:\Program Files (x86)\Java\jdk1.8.0_151\jre\bin\client\jvm.dll
0x755b0000 - 0x755b6000 	C:\WINDOWS\System32\PSAPI.DLL
0x63aa0000 - 0x63ac4000 	C:\WINDOWS\SYSTEM32\WINMM.dll
0x74690000 - 0x74698000 	C:\WINDOWS\SYSTEM32\VERSION.dll
0x63a70000 - 0x63a93000 	C:\WINDOWS\SYSTEM32\WINMMBASE.dll
0x74940000 - 0x74948000 	C:\WINDOWS\SYSTEM32\WSOCK32.dll
0x77220000 - 0x7725b000 	C:\WINDOWS\System32\cfgmgr32.dll
0x75a80000 - 0x75ade000 	C:\WINDOWS\System32\WS2_32.dll
0x507b0000 - 0x507bc000 	C:\Program Files (x86)\Java\jdk1.8.0_151\jre\bin\verify.dll
0x50780000 - 0x507a1000 	C:\Program Files (x86)\Java\jdk1.8.0_151\jre\bin\java.dll
0x50760000 - 0x50774000 	C:\Program Files (x86)\Java\jdk1.8.0_151\jre\bin\zip.dll
0x75c50000 - 0x761ca000 	C:\WINDOWS\System32\SHELL32.dll
0x77010000 - 0x77094000 	C:\WINDOWS\System32\shcore.dll
0x74cf0000 - 0x752b5000 	C:\WINDOWS\System32\windows.storage.dll
0x755c0000 - 0x755db000 	C:\WINDOWS\System32\profapi.dll
0x76370000 - 0x763b3000 	C:\WINDOWS\System32\powrprof.dll
0x75b80000 - 0x75b8d000 	C:\WINDOWS\System32\UMPDC.dll
0x753a0000 - 0x753e4000 	C:\WINDOWS\System32\shlwapi.dll
0x75640000 - 0x7564f000 	C:\WINDOWS\System32\kernel.appcore.dll
0x771e0000 - 0x771f3000 	C:\WINDOWS\System32\cryptsp.dll
0x501f0000 - 0x50206000 	C:\Program Files (x86)\Java\jdk1.8.0_151\jre\bin\net.dll
0x745f0000 - 0x74642000 	C:\WINDOWS\system32\mswsock.dll
0x501e0000 - 0x501ef000 	C:\Program Files (x86)\Java\jdk1.8.0_151\jre\bin\nio.dll
0x6e4c0000 - 0x6e64f000 	C:\WINDOWS\SYSTEM32\dbghelp.dll

VM Arguments:
jvm_args: -Xmx1G 
java_command: com.android.tools.r8.D8 --debug --min-api 21 --output obj\Debug\90\android\bin --lib C:\Program Files (x86)\Android\android-sdk\platforms\android-28\android.jar obj\Debug\90\android\bin\classes.zip C:\Program Files (x86)\Microsoft Visual Studio\2019\Community\Common7\IDE\ReferenceAssemblies\Microsoft\Framework\MonoAndroid\v9.0\mono.android.jar C:\Program Files (x86)\Microsoft Visual Studio\2019\Community\MSBuild\Xamarin\Android\java_runtime_fastdev.jar obj\Debug\90\lp\0\jl\formsviewgroup.jar obj\Debug\90\lp\1\jl\android.arch.core.common.jar obj\Debug\90\lp\10\jl\bin\classes.jar obj\Debug\90\lp\11\jl\com.android.support.collections.jar obj\Debug\90\lp\12\jl\bin\classes.jar obj\Debug\90\lp\13\jl\bin\classes.jar obj\Debug\90\lp\14\jl\bin\classes.jar obj\Debug\90\lp\15\jl\bin\classes.jar obj\Debug\90\lp\16\jl\bin\classes.jar obj\Debug\90\lp\17\jl\bin\classes.jar obj\Debug\90\lp\18\jl\bin\classes.jar obj\Debug\90\lp\19\jl\bin\classes.jar obj\Debug\90\lp\2\jl\bin\classes.jar obj\Debug\90\lp\20\jl\bin\classes.jar obj\Debug\90\lp\21\jl\bin\classes.jar obj\Debug\90\lp\22\jl\bin\classes.jar obj\Debug\90\lp\23\jl\bin\classes.jar obj\Debug\90\lp\24\jl\bin\classes.jar obj\Debug\90\lp\25\jl\bin\classes.jar obj\Debug\90\lp\26\jl\bin\classes.jar obj\Debug\90\lp\27\jl\bin\classes.jar obj\Debug\90\lp\28\jl\bin\classes.jar obj\Debug\90\lp\29\jl\bin\classes.jar obj\Debug\90\lp\3\jl\android.arch.lifecycle.common.jar obj\Debug\90\lp\30\jl\bin\classes.jar obj\Debug\90\lp\32\jl\bin\classes.jar obj\Debug\90\lp\33\jl\bin\classes.jar obj\Debug\90\lp\34\jl\bin\classes.jar obj\Debug\90\lp\35\jl\bin\classes.jar obj\Debug\90\lp\36\jl\bin\classes.jar obj\Debug\90\lp\37\jl\bin\classes.jar obj\Debug\90\lp\4\jl\bin\classes.jar obj\Debug\90\lp\5\jl\bin\classes.jar obj\Debug\90\lp\6\jl\bin\classes.jar obj\Debug\90\lp\7\jl\bin\classes.jar obj\Debug\90\lp\8\jl\bin\classes.jar obj\Debug\90\lp\9\jl\com.android.support.support-annotations.jar
java_class_path (initial): C:\Program Files (x86)\Microsoft Visual Studio\2019\Community\MSBuild\Xamarin\Android\r8.jar
Launcher Type: SUN_STANDARD

Environment Variables:
JAVA_HOME=C:\Program Files (x86)\Java\jdk1.8.0_151
PATH=C:\Program Files (x86)\Java\jdk1.8.0_151\bin;C:\WINDOWS\system32;C:\WINDOWS;C:\WINDOWS\System32\Wbem;C:\WINDOWS\System32\WindowsPowerShell\v1.0\;C:\xampp\php;C:\composer;C:\Program Files\Git\cmd;C:\Program Files\dotnet\;C:\WINDOWS\System32\OpenSSH\;C:\Users\Robert Martinez\AppData\Local\Microsoft\WindowsApps;C:\Program Files\Microsoft VS Code\bin;C:\Users\Robert Martinez\AppData\Roaming\Composer\vendor\bin;C:\Curso\Spring\jdk-13.0.2\bin
USERNAME=Robert Martinez
OS=Windows_NT
PROCESSOR_IDENTIFIER=Intel64 Family 6 Model 58 Stepping 9, GenuineIntel



---------------  S Y S T E M  ---------------

OS: Windows 10.0 , 64 bit Build 18362 (10.0.18362.329)

CPU:total 4 (initial active 4) (2 cores per cpu, 2 threads per core) family 6 model 58 stepping 9, cmov, cx8, fxsr, mmx, sse, sse2, sse3, ssse3, sse4.1, sse4.2, popcnt, avx, aes, clmul, erms, ht, tsc, tscinvbit, tscinv

Memory: 4k page, physical 4074492k(286300k free), swap 4074492k(728k free)

vm_info: Java HotSpot(TM) Client VM (25.151-b12) for windows-x86 JRE (1.8.0_151-b12), built on Sep  5 2017 19:31:49 by "java_re" with MS VC++ 10.0 (VS2010)

time: Sat Apr 04 19:35:32 2020
elapsed time: 18 seconds (0d 0h 0m 18s)

