JvmtiExport can_access_local_variables 0
JvmtiExport can_hotswap_or_post_breakpoint 0
JvmtiExport can_post_on_exceptions 0
# 239 ciObject found
instanceKlass com/android/tools/r8/dex/DebugBytecodeWriter
instanceKlass com/android/tools/r8/dex/c$$Lambda$224
instanceKlass com/android/tools/r8/dex/c$$Lambda$223
instanceKlass java/lang/invoke/LambdaForm$DMH
instanceKlass com/android/tools/r8/utils/LebUtils
instanceKlass com/android/tools/r8/dex/c$$Lambda$222
instanceKlass java/lang/invoke/LambdaForm$DMH
instanceKlass com/android/tools/r8/naming/MemberNaming
instanceKlass com/android/tools/r8/naming/MemberNaming$Signature
instanceKlass com/android/tools/r8/dex/c$$Lambda$221
instanceKlass com/android/tools/r8/dex/d
instanceKlass com/android/tools/r8/utils/O
instanceKlass com/android/tools/r8/graph/DexProgramClass$$Lambda$220
instanceKlass com/android/tools/r8/graph/DexProgramClass$$Lambda$219
instanceKlass com/android/tools/r8/graph/DexItem$$Lambda$218
instanceKlass com/android/tools/r8/n/a/a/a/h/H0$f
instanceKlass com/android/tools/r8/dex/c$$Lambda$217
instanceKlass com/android/tools/r8/dex/a
instanceKlass com/android/tools/r8/dex/DexOutputBuffer
instanceKlass com/android/tools/r8/graph/N
instanceKlass com/android/tools/r8/dex/c
instanceKlass com/android/tools/r8/graph/ObjectToOffsetMapping$$Lambda$216
instanceKlass com/android/tools/r8/graph/ObjectToOffsetMapping$$Lambda$215
instanceKlass com/android/tools/r8/graph/ObjectToOffsetMapping$$Lambda$214
instanceKlass com/android/tools/r8/graph/ObjectToOffsetMapping$$Lambda$213
instanceKlass com/android/tools/r8/graph/ObjectToOffsetMapping$$Lambda$212
instanceKlass com/android/tools/r8/graph/ObjectToOffsetMapping$$Lambda$211
instanceKlass com/android/tools/r8/n/a/a/a/h/M0
instanceKlass com/android/tools/r8/n/a/a/a/h/b1
instanceKlass com/android/tools/r8/graph/ObjectToOffsetMapping$$Lambda$210
instanceKlass java/util/stream/Collectors$$Lambda$209
instanceKlass java/util/stream/Collectors$$Lambda$208
instanceKlass java/util/stream/Collectors$$Lambda$207
instanceKlass com/android/tools/r8/graph/ObjectToOffsetMapping$$Lambda$206
instanceKlass com/android/tools/r8/graph/ObjectToOffsetMapping$a
instanceKlass com/android/tools/r8/n/a/a/a/h/N0
instanceKlass com/android/tools/r8/graph/ObjectToOffsetMapping
instanceKlass com/android/tools/r8/dex/ApplicationWriter$$Lambda$205
instanceKlass com/android/tools/r8/graph/DexItem$$Lambda$204
instanceKlass com/android/tools/r8/m/a/a/b/M0
instanceKlass com/android/tools/r8/m/a/a/b/I0
instanceKlass com/android/tools/r8/dex/VirtualFile$j
instanceKlass com/android/tools/r8/dex/VirtualFile$i
instanceKlass com/android/tools/r8/dex/VirtualFile$c$$Lambda$203
instanceKlass com/android/tools/r8/dex/VirtualFile$$Lambda$202
instanceKlass com/android/tools/r8/naming/ClassNameMapper
instanceKlass com/android/tools/r8/naming/z
instanceKlass com/android/tools/r8/dex/VirtualFile$g$$Lambda$201
instanceKlass com/android/tools/r8/dex/VirtualFile$g$$Lambda$200
instanceKlass com/android/tools/r8/dex/VirtualFile$g$$Lambda$199
instanceKlass com/android/tools/r8/dex/VirtualFile$g$$Lambda$198
instanceKlass com/android/tools/r8/dex/VirtualFile$g$$Lambda$197
instanceKlass com/android/tools/r8/dex/VirtualFile$g$$Lambda$196
instanceKlass com/android/tools/r8/dex/VirtualFile$g$$Lambda$195
instanceKlass com/android/tools/r8/dex/VirtualFile$g$$Lambda$194
instanceKlass com/android/tools/r8/dex/VirtualFile$g$$Lambda$193
instanceKlass java/util/Formattable
instanceKlass com/android/tools/r8/dex/VirtualFile$g
instanceKlass com/android/tools/r8/dex/VirtualFile$k
instanceKlass com/android/tools/r8/dex/g
instanceKlass com/android/tools/r8/dex/VirtualFile
instanceKlass com/android/tools/r8/graph/DexEncodedAnnotation$$Lambda$192
instanceKlass com/android/tools/r8/graph/DexAnnotationSet$$Lambda$191
instanceKlass java/util/stream/AbstractSpinedBuffer
instanceKlass java/util/stream/Node$Builder
instanceKlass java/util/stream/Node$OfDouble
instanceKlass java/util/stream/Node$OfLong
instanceKlass java/util/stream/Node$OfInt
instanceKlass java/util/stream/Node$OfPrimitive
instanceKlass java/util/stream/Nodes$EmptyNode
instanceKlass java/util/stream/Node
instanceKlass java/util/stream/Nodes
instanceKlass com/android/tools/r8/graph/n$$Lambda$190
instanceKlass com/android/tools/r8/graph/n$$Lambda$189
instanceKlass java/util/Spliterators$ArraySpliterator
instanceKlass com/android/tools/r8/graph/DexItem$$Lambda$188
instanceKlass com/android/tools/r8/graph/DexProgramClass$$Lambda$187
instanceKlass com/android/tools/r8/graph/DexProgramClass$$Lambda$186
instanceKlass com/android/tools/r8/dex/ApplicationWriter$$Lambda$185
instanceKlass com/android/tools/r8/graph/DexItemFactory$$Lambda$184
instanceKlass java/util/UUID
instanceKlass java/util/concurrent/atomic/AtomicIntegerArray
instanceKlass com/android/tools/r8/m/a/b/m/g/r
instanceKlass com/android/tools/r8/m/a/b/m/g/q
instanceKlass com/android/tools/r8/m/a/b/l
instanceKlass com/android/tools/r8/m/a/b/k
instanceKlass com/android/tools/r8/m/a/b/m/g/y
instanceKlass java/util/Formatter$Conversion
instanceKlass java/util/Formatter$Flags
instanceKlass java/util/Formatter$FormatSpecifier
instanceKlass java/util/Formatter$FixedString
instanceKlass java/util/Formatter$FormatString
instanceKlass java/util/Currency$CurrencyNameGetter
instanceKlass sun/util/locale/provider/LocaleServiceProviderPool$LocalizedObjectGetter
instanceKlass sun/util/locale/provider/SPILocaleProviderAdapter$1
instanceKlass sun/util/locale/provider/LocaleServiceProviderPool
instanceKlass java/io/DataInput
instanceKlass java/util/Currency$1
instanceKlass java/util/Currency
instanceKlass java/util/concurrent/atomic/AtomicMarkableReference$Pair
instanceKlass java/util/concurrent/atomic/AtomicMarkableReference
instanceKlass java/util/ResourceBundle$CacheKeyReference
instanceKlass java/util/ResourceBundle$CacheKey
instanceKlass java/util/ResourceBundle$RBClassLoader$1
instanceKlass java/net/URLClassLoader$3$1
instanceKlass sun/misc/CompoundEnumeration
instanceKlass java/net/URLClassLoader$3
instanceKlass sun/misc/URLClassPath$1
instanceKlass java/lang/ClassLoader$2
instanceKlass sun/misc/URLClassPath$2
instanceKlass java/util/ServiceLoader$1
instanceKlass java/util/ServiceLoader$LazyIterator
instanceKlass java/util/ServiceLoader
instanceKlass java/util/spi/ResourceBundleControlProvider
instanceKlass java/util/ResourceBundle
instanceKlass java/util/ResourceBundle$Control
instanceKlass sun/util/resources/LocaleData$1
instanceKlass sun/util/resources/LocaleData
instanceKlass sun/util/locale/provider/LocaleResources
instanceKlass sun/util/locale/LanguageTag
instanceKlass sun/util/locale/provider/JRELocaleProviderAdapter$1
instanceKlass sun/util/locale/provider/LocaleDataMetaInfo
instanceKlass sun/util/locale/provider/AvailableLanguageTags
instanceKlass sun/util/locale/provider/LocaleProviderAdapter$1
instanceKlass sun/util/locale/provider/ResourceBundleBasedAdapter
instanceKlass sun/util/locale/provider/LocaleProviderAdapter
instanceKlass java/util/spi/LocaleServiceProvider
instanceKlass java/text/DecimalFormatSymbols
instanceKlass java/util/Locale$1
instanceKlass java/util/Formatter
instanceKlass com/android/tools/r8/m/a/b/n/c
instanceKlass com/android/tools/r8/dex/Marker$$Lambda$183
instanceKlass java/util/Comparator$$Lambda$182
instanceKlass com/android/tools/r8/dex/Marker$$Lambda$181
instanceKlass java/lang/invoke/LambdaForm$DMH
instanceKlass java/util/Spliterator$OfDouble
instanceKlass java/util/Spliterator$OfLong
instanceKlass java/util/Spliterators$EmptySpliterator
instanceKlass java/util/Spliterators
instanceKlass com/android/tools/r8/naming/NamingLens
instanceKlass com/android/tools/r8/dex/n
instanceKlass com/android/tools/r8/dex/VirtualFile$b
instanceKlass com/android/tools/r8/dex/o
instanceKlass com/android/tools/r8/dex/ApplicationWriter
instanceKlass com/android/tools/r8/m/a/b/m/d$c
instanceKlass com/android/tools/r8/m/a/b/m/f
instanceKlass com/android/tools/r8/m/a/b/m/b
instanceKlass com/android/tools/r8/dex/Marker
instanceKlass com/android/tools/r8/ir/desugar/f
instanceKlass com/android/tools/r8/graph/GraphLense$b
instanceKlass com/android/tools/r8/ir/desugar/e$a
instanceKlass com/android/tools/r8/ir/desugar/e
instanceKlass com/android/tools/r8/ir/desugar/b
instanceKlass com/android/tools/r8/m/a/a/b/s$$Lambda$180
instanceKlass com/android/tools/r8/m/a/a/b/s$$Lambda$179
instanceKlass com/android/tools/r8/m/a/a/b/s$$Lambda$178
instanceKlass com/android/tools/r8/m/a/a/b/s$$Lambda$177
instanceKlass com/android/tools/r8/m/a/a/b/s$$Lambda$176
instanceKlass com/android/tools/r8/m/a/a/b/s$$Lambda$175
instanceKlass com/android/tools/r8/m/a/a/b/s$$Lambda$174
instanceKlass com/android/tools/r8/m/a/a/b/s$$Lambda$173
instanceKlass com/android/tools/r8/m/a/a/b/s
instanceKlass com/android/tools/r8/ir/desugar/v$$Lambda$172
instanceKlass com/android/tools/r8/ir/desugar/o
instanceKlass com/android/tools/r8/ir/desugar/p
instanceKlass java/util/IdentityHashMap$IdentityHashMapSpliterator
instanceKlass com/android/tools/r8/graph/LazyLoadedDexApplication$Builder$$Lambda$171
instanceKlass com/android/tools/r8/ir/optimize/CodeRewriter$$Lambda$170
instanceKlass com/android/tools/r8/ir/optimize/CodeRewriter$$Lambda$169
instanceKlass com/android/tools/r8/ir/optimize/CodeRewriter$$Lambda$168
instanceKlass com/android/tools/r8/graph/AppInfo$d
instanceKlass com/android/tools/r8/n/a/a/a/g/G
instanceKlass com/android/tools/r8/n/a/a/a/g/z
instanceKlass com/android/tools/r8/n/a/a/a/g/I
instanceKlass com/android/tools/r8/n/a/a/a/g/A
instanceKlass com/android/tools/r8/n/a/a/a/g/a
instanceKlass com/android/tools/r8/m/a/a/b/f$i$a
instanceKlass com/android/tools/r8/ir/optimize/n$$Lambda$167
instanceKlass com/android/tools/r8/ir/optimize/n$$Lambda$166
instanceKlass com/android/tools/r8/ir/optimize/n$$Lambda$165
instanceKlass com/android/tools/r8/ir/optimize/n$$Lambda$164
instanceKlass com/android/tools/r8/ir/conversion/N$$Lambda$163
instanceKlass java/lang/invoke/LambdaForm$DMH
instanceKlass com/android/tools/r8/ir/regalloc/LinearScanRegisterAllocator$$Lambda$162
instanceKlass java/lang/invoke/LambdaForm$DMH
instanceKlass com/android/tools/r8/ir/regalloc/LinearScanRegisterAllocator$$Lambda$161
instanceKlass java/lang/invoke/LambdaForm$DMH
instanceKlass com/android/tools/r8/ir/regalloc/LinearScanRegisterAllocator$$Lambda$160
instanceKlass java/util/stream/MatchOps$$Lambda$159
instanceKlass java/util/stream/MatchOps$BooleanTerminalSink
instanceKlass java/util/stream/MatchOps$MatchOp
instanceKlass java/util/stream/MatchOps
instanceKlass java/lang/invoke/LambdaForm$MH
instanceKlass java/lang/invoke/LambdaForm$DMH
instanceKlass java/lang/invoke/LambdaForm$DMH
instanceKlass com/android/tools/r8/ir/optimize/PeepholeOptimizer$$Lambda$158
instanceKlass java/lang/invoke/LambdaForm$DMH
instanceKlass java/util/ArrayList$ArrayListSpliterator
instanceKlass com/android/tools/r8/ir/conversion/IRBuilder$$Lambda$157
instanceKlass com/android/tools/r8/ir/regalloc/c$$Lambda$156
instanceKlass com/android/tools/r8/ir/regalloc/c$$Lambda$155
instanceKlass com/android/tools/r8/ir/conversion/G
instanceKlass com/android/tools/r8/n/a/a/a/h/N$f
instanceKlass com/android/tools/r8/ir/optimize/CodeRewriter$i$$Lambda$154
instanceKlass com/android/tools/r8/ir/optimize/CodeRewriter$i$$Lambda$153
instanceKlass com/android/tools/r8/n/a/a/a/g/Q$e
instanceKlass com/android/tools/r8/n/a/a/a/h/S
instanceKlass com/android/tools/r8/n/a/a/a/h/P
instanceKlass com/android/tools/r8/n/a/a/a/g/e
instanceKlass com/android/tools/r8/n/a/a/a/g/Z
instanceKlass com/android/tools/r8/n/a/a/a/h/T
instanceKlass com/android/tools/r8/n/a/a/a/g/g0
instanceKlass com/android/tools/r8/graph/DexItemFactory$$Lambda$152
instanceKlass com/android/tools/r8/ir/regalloc/RegisterMove
instanceKlass com/android/tools/r8/m/a/a/b/P0
instanceKlass com/android/tools/r8/m/a/a/a/I
instanceKlass com/android/tools/r8/m/a/a/b/D
instanceKlass com/android/tools/r8/m/a/a/b/T0
instanceKlass com/android/tools/r8/ir/conversion/I$$Lambda$151
instanceKlass com/android/tools/r8/ir/conversion/H
instanceKlass com/android/tools/r8/utils/ListUtils
instanceKlass com/android/tools/r8/ir/code/BasicBlock$$Lambda$150
instanceKlass java/lang/invoke/LambdaForm$DMH
instanceKlass com/android/tools/r8/ir/conversion/IRBuilder$$Lambda$149
instanceKlass com/android/tools/r8/t/a/a/G/x
instanceKlass com/android/tools/r8/ir/regalloc/RegisterMoveScheduler
instanceKlass com/android/tools/r8/ir/regalloc/c$$Lambda$148
instanceKlass com/android/tools/r8/ir/regalloc/c$$Lambda$147
instanceKlass com/android/tools/r8/ir/regalloc/c$$Lambda$146
instanceKlass com/android/tools/r8/ir/regalloc/c$$Lambda$145
instanceKlass com/android/tools/r8/ir/regalloc/b
instanceKlass com/android/tools/r8/m/a/a/b/X1
instanceKlass com/android/tools/r8/ir/optimize/CodeRewriter$$Lambda$144
instanceKlass java/lang/invoke/LambdaForm$DMH
instanceKlass com/android/tools/r8/m/a/a/b/W1
instanceKlass com/android/tools/r8/m/a/a/b/V1$a
instanceKlass com/android/tools/r8/m/a/a/b/z
instanceKlass com/android/tools/r8/m/a/a/b/i
instanceKlass com/android/tools/r8/ir/optimize/CodeRewriter$$Lambda$143
instanceKlass com/android/tools/r8/ir/optimize/CodeRewriter$g
instanceKlass com/android/tools/r8/ir/conversion/IRBuilder$e
instanceKlass com/android/tools/r8/ir/optimize/PeepholeOptimizer$$Lambda$142
instanceKlass java/util/TreeMap$PrivateEntryIterator
instanceKlass com/android/tools/r8/graph/DexItemFactory$$Lambda$141
instanceKlass com/android/tools/r8/graph/DexItemFactory$$Lambda$140
instanceKlass com/android/tools/r8/ir/analysis/type/ArrayTypeLatticeElement$$Lambda$139
instanceKlass com/android/tools/r8/ir/conversion/z
instanceKlass com/android/tools/r8/ir/optimize/CodeRewriter$$Lambda$138
instanceKlass com/android/tools/r8/m/a/a/b/m
instanceKlass com/android/tools/r8/t/a/a/q
instanceKlass com/android/tools/r8/m/a/a/b/R0
instanceKlass com/android/tools/r8/graph/DexItemFactory$$Lambda$137
instanceKlass com/android/tools/r8/m/a/b/b
instanceKlass com/android/tools/r8/n/a/a/a/g/k0
instanceKlass com/android/tools/r8/ir/optimize/P$$Lambda$136
instanceKlass com/android/tools/r8/m/a/a/a/b
instanceKlass com/android/tools/r8/ir/optimize/PeepholeOptimizer$$Lambda$135
instanceKlass java/util/ArrayDeque$DeqIterator
instanceKlass com/android/tools/r8/ir/optimize/CodeRewriter$$Lambda$134
instanceKlass com/android/tools/r8/m/a/a/d/r
instanceKlass com/android/tools/r8/m/a/a/d/s
instanceKlass com/android/tools/r8/m/a/a/d/t
instanceKlass com/android/tools/r8/ProgramResource$ByteResource
instanceKlass com/android/tools/r8/ir/code/f$$Lambda$133
instanceKlass com/android/tools/r8/utils/j$$Lambda$132
instanceKlass java/lang/invoke/LambdaForm$BMH
instanceKlass com/android/tools/r8/utils/j
instanceKlass com/android/tools/r8/utils/k$$Lambda$131
instanceKlass com/android/tools/r8/ir/conversion/g0
instanceKlass com/android/tools/r8/ir/analysis/type/ArrayTypeLatticeElement$$Lambda$130
instanceKlass com/android/tools/r8/ir/code/SingleConstant
instanceKlass com/android/tools/r8/ir/code/WideConstant
instanceKlass com/android/tools/r8/ir/conversion/Q
instanceKlass com/android/tools/r8/ir/optimize/Inliner
instanceKlass com/android/tools/r8/ir/optimize/Inliner$ConstraintWithTarget
instanceKlass com/android/tools/r8/graph/DexDebugEventVisitor
instanceKlass com/android/tools/r8/graph/DexItemFactory$$Lambda$129
instanceKlass java/lang/invoke/LambdaForm$DMH
instanceKlass com/android/tools/r8/n/a/a/a/g/z0
instanceKlass com/android/tools/r8/graph/DexDebugEventBuilder
instanceKlass com/android/tools/r8/ir/code/Instruction$$Lambda$128
instanceKlass com/android/tools/r8/n/a/a/a/g/B0$d
instanceKlass com/android/tools/r8/ir/conversion/D
instanceKlass com/android/tools/r8/ir/regalloc/LinearScanRegisterAllocator$$Lambda$127
instanceKlass com/android/tools/r8/ir/regalloc/LinearScanRegisterAllocator$$Lambda$126
instanceKlass com/android/tools/r8/ir/regalloc/LinearScanRegisterAllocator$$Lambda$125
instanceKlass java/lang/invoke/LambdaForm$DMH
instanceKlass com/android/tools/r8/ir/conversion/I
instanceKlass com/android/tools/r8/ir/regalloc/LinearScanRegisterAllocator$b
instanceKlass com/android/tools/r8/ir/regalloc/LinearScanRegisterAllocator$$Lambda$124
instanceKlass java/util/IdentityHashMap$IdentityHashMapIterator
instanceKlass com/android/tools/r8/ir/optimize/z$$Lambda$123
instanceKlass com/android/tools/r8/ir/optimize/z
instanceKlass com/android/tools/r8/ir/optimize/PeepholeOptimizer
instanceKlass com/android/tools/r8/ir/code/Instruction$$Lambda$122
instanceKlass com/android/tools/r8/ir/code/BasicBlock$$Lambda$121
instanceKlass com/android/tools/r8/ir/regalloc/LinearScanRegisterAllocator$$Lambda$120
instanceKlass java/lang/invoke/LambdaForm$DMH
instanceKlass com/android/tools/r8/ir/regalloc/c
instanceKlass com/android/tools/r8/ir/regalloc/LinearScanRegisterAllocator$$Lambda$119
instanceKlass com/android/tools/r8/ir/regalloc/LinearScanRegisterAllocator$$Lambda$118
instanceKlass com/android/tools/r8/ir/regalloc/LinearScanRegisterAllocator$$Lambda$117
instanceKlass com/android/tools/r8/ir/regalloc/LinearScanRegisterAllocator$$Lambda$116
instanceKlass com/android/tools/r8/ir/regalloc/LinearScanRegisterAllocator$$Lambda$115
instanceKlass java/lang/invoke/LambdaForm$DMH
instanceKlass com/android/tools/r8/ir/regalloc/LinearScanRegisterAllocator$$Lambda$114
instanceKlass com/android/tools/r8/ir/regalloc/a
instanceKlass java/lang/invoke/LambdaForm$MH
instanceKlass java/lang/invoke/LambdaForm$DMH
instanceKlass java/lang/invoke/LambdaForm$DMH
instanceKlass com/android/tools/r8/ir/optimize/CodeRewriter$$Lambda$113
instanceKlass java/lang/invoke/LambdaForm$DMH
instanceKlass com/android/tools/r8/ir/optimize/CodeRewriter$$Lambda$112
instanceKlass java/util/TimSort
instanceKlass java/util/Arrays$LegacyMergeSort
instanceKlass com/android/tools/r8/ir/regalloc/LiveIntervalsUse
instanceKlass com/android/tools/r8/n/a/a/a/h/W$d
instanceKlass com/android/tools/r8/ir/code/IRCode$b
instanceKlass com/android/tools/r8/n/a/a/a/h/W$f
instanceKlass java/util/LinkedList$DescendingIterator
instanceKlass com/android/tools/r8/ir/regalloc/LiveRange
instanceKlass com/android/tools/r8/ir/optimize/f$$Lambda$111
instanceKlass com/android/tools/r8/ir/regalloc/LiveIntervals
instanceKlass com/android/tools/r8/n/a/a/a/g/V0
instanceKlass java/util/stream/SliceOps
instanceKlass com/android/tools/r8/n/a/a/a/g/I0
instanceKlass java/util/stream/SortedOps
instanceKlass com/android/tools/r8/m/a/a/b/V1
instanceKlass com/android/tools/r8/ir/regalloc/LinearScanRegisterAllocator
instanceKlass com/android/tools/r8/ir/optimize/f$$Lambda$110
instanceKlass java/lang/invoke/LambdaForm$DMH
instanceKlass com/android/tools/r8/ir/optimize/f$$Lambda$109
instanceKlass com/android/tools/r8/n/a/a/a/h/X
instanceKlass java/util/Spliterators$IteratorSpliterator
instanceKlass com/android/tools/r8/ir/conversion/IRConverter$$Lambda$108
instanceKlass com/android/tools/r8/ir/conversion/IRConverter$$Lambda$107
instanceKlass com/android/tools/r8/ir/optimize/m
instanceKlass com/android/tools/r8/ir/optimize/CodeRewriter$$Lambda$106
instanceKlass com/android/tools/r8/m/a/a/a/Y
instanceKlass com/android/tools/r8/ir/optimize/f$$Lambda$105
instanceKlass com/android/tools/r8/m/a/a/a/Z
instanceKlass com/android/tools/r8/ir/optimize/CodeRewriter$$Lambda$103
instanceKlass com/android/tools/r8/ir/optimize/f$$Lambda$104
instanceKlass com/android/tools/r8/ir/optimize/e
instanceKlass com/android/tools/r8/n/a/a/a/h/a0
instanceKlass com/android/tools/r8/n/a/a/a/h/Y
instanceKlass com/android/tools/r8/n/a/a/a/h/h
instanceKlass com/android/tools/r8/n/a/a/a/h/b0
instanceKlass com/android/tools/r8/n/a/a/a/h/Z
instanceKlass com/android/tools/r8/n/a/a/a/h/U
instanceKlass com/android/tools/r8/ir/analysis/a
instanceKlass com/android/tools/r8/ir/optimize/f
instanceKlass com/android/tools/r8/graph/AppInfo$$Lambda$102
instanceKlass com/android/tools/r8/ir/optimize/P$$Lambda$101
instanceKlass com/android/tools/r8/graph/AppInfo$$Lambda$100
instanceKlass com/android/tools/r8/ir/optimize/O
instanceKlass com/android/tools/r8/ir/code/w
instanceKlass com/android/tools/r8/ir/code/BasicBlock$b
instanceKlass com/android/tools/r8/ir/optimize/P
instanceKlass java/util/stream/Sink$ChainedReference
instanceKlass java/util/stream/ForEachOps$ForEachOp
instanceKlass java/util/stream/ForEachOps
instanceKlass com/android/tools/r8/ir/analysis/g/e$$Lambda$98
instanceKlass com/android/tools/r8/ir/analysis/g/e$$Lambda$97
instanceKlass java/util/HashMap$HashMapSpliterator
instanceKlass com/android/tools/r8/ir/analysis/g/e$$Lambda$95
instanceKlass java/util/stream/ReduceOps$2ReducingSink
instanceKlass java/util/function/BinaryOperator$$Lambda$92
instanceKlass java/util/Comparator$$Lambda$91
instanceKlass java/lang/invoke/LambdaForm$BMH
instanceKlass java/lang/invoke/LambdaForm$MH
instanceKlass java/lang/invoke/LambdaForm$DMH
instanceKlass java/lang/invoke/LambdaForm$BMH
instanceKlass java/lang/invoke/LambdaForm$BMH
instanceKlass com/android/tools/r8/ir/code/IRCode$$Lambda$89
instanceKlass java/util/function/ToIntFunction
instanceKlass java/util/LinkedList$LLSpliterator
instanceKlass java/util/Optional
instanceKlass com/android/tools/r8/ir/analysis/g/e
instanceKlass com/android/tools/r8/ir/optimize/a
instanceKlass com/android/tools/r8/ir/optimize/CodeRewriter$$Lambda$87
instanceKlass java/lang/invoke/LambdaForm$DMH
instanceKlass com/android/tools/r8/ir/analysis/type/ClassTypeLatticeElement$$Lambda$86
instanceKlass java/util/Collections$1
instanceKlass com/android/tools/r8/ir/analysis/type/TypeAnalysis$$Lambda$85
instanceKlass com/android/tools/r8/ir/code/IRCode$a
instanceKlass com/android/tools/r8/ir/analysis/type/TypeAnalysis
instanceKlass com/android/tools/r8/ir/code/g
instanceKlass com/android/tools/r8/ir/code/B
instanceKlass com/android/tools/r8/ir/code/f
instanceKlass java/util/LinkedList$ListItr
instanceKlass java/lang/invoke/LambdaForm$MH
instanceKlass com/android/tools/r8/ir/conversion/N$$Lambda$84
instanceKlass java/lang/invoke/LambdaForm$DMH
instanceKlass com/android/tools/r8/code/Instruction
instanceKlass com/android/tools/r8/cf/code/CfInstruction
instanceKlass com/android/tools/r8/ir/code/Value$a
instanceKlass com/android/tools/r8/ir/analysis/g/d
instanceKlass com/android/tools/r8/ir/conversion/N$$Lambda$83
instanceKlass com/android/tools/r8/ir/analysis/type/ClassTypeLatticeElement$$Lambda$82
instanceKlass com/android/tools/r8/ir/conversion/IRBuilder$f
instanceKlass com/android/tools/r8/ir/analysis/type/d
instanceKlass com/android/tools/r8/ir/conversion/N$$Lambda$81
instanceKlass java/lang/invoke/LambdaForm$MH
instanceKlass com/android/tools/r8/ir/conversion/N$$Lambda$80
instanceKlass com/android/tools/r8/graph/DexItemFactory$$Lambda$79
instanceKlass com/android/tools/r8/n/a/a/a/g/n
instanceKlass com/android/tools/r8/utils/z
instanceKlass com/android/tools/r8/ir/conversion/W
instanceKlass com/android/tools/r8/ir/conversion/V
instanceKlass com/android/tools/r8/ir/conversion/L
instanceKlass com/android/tools/r8/n/a/a/a/g/B0$f
instanceKlass com/android/tools/r8/utils/Pair
instanceKlass com/android/tools/r8/ir/code/Position
instanceKlass java/util/LinkedList$Node
instanceKlass com/android/tools/r8/n/a/a/a/g/H0
instanceKlass com/android/tools/r8/n/a/a/a/g/P0
instanceKlass com/android/tools/r8/ir/code/CatchHandlers
instanceKlass com/android/tools/r8/ir/code/InstructionListIterator
instanceKlass com/android/tools/r8/ir/code/X
instanceKlass com/android/tools/r8/ir/code/BasicBlock
instanceKlass com/android/tools/r8/ir/conversion/IRBuilder$b
instanceKlass com/android/tools/r8/graph/GraphLense$f$b
instanceKlass com/android/tools/r8/graph/GraphLense$f
instanceKlass com/android/tools/r8/ir/code/ValueNumberGenerator
instanceKlass com/android/tools/r8/n/a/a/a/h/J0
instanceKlass com/android/tools/r8/n/a/a/a/h/Y0
instanceKlass com/android/tools/r8/n/a/a/a/h/s
instanceKlass com/android/tools/r8/ir/analysis/type/Nullability
instanceKlass com/android/tools/r8/n/a/a/a/h/p0
instanceKlass com/android/tools/r8/n/a/a/a/h/f0
instanceKlass com/android/tools/r8/n/a/a/a/h/l0
instanceKlass com/android/tools/r8/ir/conversion/T
instanceKlass com/android/tools/r8/n/a/a/a/h/I0
instanceKlass com/android/tools/r8/ir/conversion/IRBuilder
instanceKlass com/android/tools/r8/n/a/a/a/g/o0$e
instanceKlass com/android/tools/r8/graph/DebugLocalInfo
instanceKlass com/android/tools/r8/ir/conversion/U
instanceKlass com/android/tools/r8/n/a/a/a/h/t0
instanceKlass com/android/tools/r8/n/a/a/a/g/f1
instanceKlass com/android/tools/r8/n/a/a/a/g/i
instanceKlass com/android/tools/r8/n/a/a/a/g/w0$a
instanceKlass com/android/tools/r8/ir/conversion/P
instanceKlass com/android/tools/r8/n/a/a/a/g/C0
instanceKlass com/android/tools/r8/ir/conversion/X
instanceKlass com/android/tools/r8/graph/w$$Lambda$78
instanceKlass com/android/tools/r8/n/a/a/a/g/x0
instanceKlass com/android/tools/r8/ir/conversion/M
instanceKlass com/android/tools/r8/ir/conversion/N
instanceKlass com/android/tools/r8/t/a/a/G/f
instanceKlass com/android/tools/r8/t/a/a/G/p
instanceKlass com/android/tools/r8/t/a/a/G/g
instanceKlass com/android/tools/r8/t/a/a/G/A
instanceKlass com/android/tools/r8/t/a/a/s
instanceKlass com/android/tools/r8/t/a/a/G/a
instanceKlass com/android/tools/r8/graph/JarCode$b
instanceKlass com/android/tools/r8/t/a/a/y
instanceKlass com/android/tools/r8/ir/conversion/IRConverter$$Lambda$76
instanceKlass java/lang/invoke/LambdaForm$DMH
instanceKlass com/android/tools/r8/ir/optimize/L
instanceKlass com/android/tools/r8/ir/code/IRCode
instanceKlass com/android/tools/r8/ir/optimize/E
instanceKlass com/android/tools/r8/ir/conversion/IRConverter$$Lambda$74
instanceKlass java/lang/invoke/LambdaForm$MH
instanceKlass java/lang/invoke/LambdaForm$DMH
instanceKlass java/lang/invoke/LambdaForm$DMH
instanceKlass com/android/tools/r8/ir/conversion/IRConverter$$Lambda$73
instanceKlass com/android/tools/r8/graph/DexEncodedMethod$f
instanceKlass java/lang/invoke/LambdaForm$DMH
instanceKlass com/android/tools/r8/ir/conversion/IRConverter$$Lambda$72
instanceKlass java/util/concurrent/ConcurrentHashMap$Traverser
instanceKlass com/android/tools/r8/graph/LazyLoadedDexApplication$$Lambda$71
instanceKlass com/android/tools/r8/graph/DexApplication$a
instanceKlass com/android/tools/r8/m/a/a/b/P$b
instanceKlass com/android/tools/r8/n/a/a/a/b
instanceKlass com/android/tools/r8/ir/optimize/n
instanceKlass com/android/tools/r8/ir/optimize/g
instanceKlass com/android/tools/r8/ir/optimize/string/StringOptimizer
instanceKlass com/android/tools/r8/ir/desugar/h$$Lambda$70
instanceKlass com/android/tools/r8/ir/desugar/h$$Lambda$69
instanceKlass com/android/tools/r8/ir/desugar/h$$Lambda$68
instanceKlass com/android/tools/r8/ir/desugar/h$$Lambda$67
instanceKlass com/android/tools/r8/ir/desugar/h$$Lambda$66
instanceKlass com/android/tools/r8/ir/desugar/h$$Lambda$65
instanceKlass com/android/tools/r8/ir/desugar/h$$Lambda$64
instanceKlass com/android/tools/r8/ir/desugar/h$$Lambda$63
instanceKlass com/android/tools/r8/ir/desugar/h$$Lambda$62
instanceKlass com/android/tools/r8/ir/desugar/h$$Lambda$61
instanceKlass com/android/tools/r8/ir/desugar/h$$Lambda$60
instanceKlass com/android/tools/r8/ir/desugar/h$$Lambda$59
instanceKlass com/android/tools/r8/ir/desugar/h$$Lambda$58
instanceKlass com/android/tools/r8/ir/desugar/h$$Lambda$57
instanceKlass com/android/tools/r8/ir/desugar/h$$Lambda$56
instanceKlass com/android/tools/r8/ir/desugar/h$$Lambda$55
instanceKlass com/android/tools/r8/ir/desugar/h$$Lambda$54
instanceKlass com/android/tools/r8/ir/desugar/h$$Lambda$53
instanceKlass com/android/tools/r8/ir/desugar/h$$Lambda$52
instanceKlass com/android/tools/r8/ir/desugar/h$$Lambda$51
instanceKlass com/android/tools/r8/ir/desugar/h$$Lambda$50
instanceKlass com/android/tools/r8/ir/desugar/h$$Lambda$49
instanceKlass com/android/tools/r8/ir/desugar/h$$Lambda$48
instanceKlass com/android/tools/r8/ir/desugar/h$$Lambda$47
instanceKlass com/android/tools/r8/ir/desugar/h$$Lambda$46
instanceKlass com/android/tools/r8/ir/desugar/h$$Lambda$45
instanceKlass com/android/tools/r8/ir/desugar/h$$Lambda$44
instanceKlass com/android/tools/r8/ir/desugar/h$$Lambda$43
instanceKlass com/android/tools/r8/ir/desugar/h$$Lambda$42
instanceKlass com/android/tools/r8/ir/desugar/h$$Lambda$41
instanceKlass com/android/tools/r8/ir/desugar/h$$Lambda$40
instanceKlass com/android/tools/r8/ir/desugar/g
instanceKlass com/android/tools/r8/ir/desugar/h$$Lambda$39
instanceKlass com/android/tools/r8/ir/desugar/h$$Lambda$38
instanceKlass com/android/tools/r8/ir/desugar/h
instanceKlass com/android/tools/r8/ir/desugar/Java8MethodRewriter
instanceKlass com/android/tools/r8/ir/desugar/InterfaceMethodRewriter
instanceKlass com/android/tools/r8/ir/desugar/v
instanceKlass com/android/tools/r8/ir/desugar/I
instanceKlass com/android/tools/r8/n/a/a/a/g/B
instanceKlass com/android/tools/r8/n/a/a/a/g/y
instanceKlass com/android/tools/r8/ir/optimize/CodeRewriter$e
instanceKlass com/android/tools/r8/graph/DexEncodedMethod$g
instanceKlass com/android/tools/r8/ir/code/Value
instanceKlass com/android/tools/r8/ir/code/InstructionIterator
instanceKlass com/android/tools/r8/n/a/a/a/g/i1
instanceKlass com/android/tools/r8/n/a/a/a/e
instanceKlass com/android/tools/r8/n/a/a/a/g/U0
instanceKlass com/android/tools/r8/n/a/a/a/h/F0
instanceKlass com/android/tools/r8/ir/code/C
instanceKlass com/android/tools/r8/ir/optimize/CodeRewriter
instanceKlass com/android/tools/r8/ir/conversion/d0
instanceKlass com/android/tools/r8/ir/conversion/c0
instanceKlass com/android/tools/r8/ir/conversion/b0
instanceKlass com/android/tools/r8/shaking/MainDexClasses
instanceKlass com/android/tools/r8/n/a/a/a/h/G
instanceKlass com/android/tools/r8/n/a/a/a/h/F
instanceKlass com/android/tools/r8/graph/GraphLense
instanceKlass com/android/tools/r8/graph/AppView
instanceKlass com/android/tools/r8/ir/optimize/r
instanceKlass com/android/tools/r8/ir/desugar/x
instanceKlass com/android/tools/r8/ir/conversion/g
instanceKlass com/android/tools/r8/ir/code/NextUntilIterator
instanceKlass com/android/tools/r8/ir/regalloc/RegisterAllocator
instanceKlass com/android/tools/r8/ir/conversion/a0
instanceKlass com/android/tools/r8/ir/conversion/IRConverter
instanceKlass com/android/tools/r8/utils/Q$$Lambda$37
instanceKlass java/util/concurrent/atomic/AtomicReference
instanceKlass com/android/tools/r8/m/a/a/b/K1
instanceKlass com/android/tools/r8/utils/p
instanceKlass java/util/concurrent/ConcurrentLinkedQueue$Itr
instanceKlass com/android/tools/r8/graph/x$$Lambda$35
instanceKlass java/lang/invoke/LambdaForm$DMH
instanceKlass com/android/tools/r8/graph/A$$Lambda$34
instanceKlass com/android/tools/r8/graph/x$$Lambda$33
instanceKlass java/lang/invoke/LambdaForm$DMH
instanceKlass com/android/tools/r8/ir/desugar/c
instanceKlass java/lang/invoke/LambdaForm$MH
instanceKlass java/lang/invoke/LambdaForm$DMH
instanceKlass java/lang/invoke/LambdaForm$DMH
instanceKlass com/android/tools/r8/graph/B$$Lambda$32
instanceKlass java/lang/invoke/LambdaForm$DMH
instanceKlass com/android/tools/r8/graph/DexProgramClass$$Lambda$30
instanceKlass java/lang/invoke/LambdaForm$DMH
instanceKlass com/android/tools/r8/n/a/a/a/h/S0
instanceKlass com/android/tools/r8/n/a/a/a/g/h
instanceKlass com/android/tools/r8/i
instanceKlass com/android/tools/r8/graph/UpdatableOptimizationInfo
instanceKlass com/android/tools/r8/graph/DexEncodedMethod$e
instanceKlass com/android/tools/r8/graph/J
instanceKlass com/android/tools/r8/ir/conversion/SourceCode
instanceKlass com/android/tools/r8/n/a/a/a/g/w0
instanceKlass com/android/tools/r8/n/a/a/a/g/u0
instanceKlass com/android/tools/r8/t/a/a/H/a
instanceKlass com/android/tools/r8/m/a/a/a/A$a
instanceKlass com/android/tools/r8/graph/d
instanceKlass com/android/tools/r8/graph/AppInfo
instanceKlass com/android/tools/r8/m/a/a/a/A
instanceKlass java/util/function/BiPredicate
instanceKlass com/android/tools/r8/graph/InnerClassAttribute
instanceKlass com/android/tools/r8/graph/w$$Lambda$28
instanceKlass java/lang/invoke/LambdaForm$DMH
instanceKlass com/android/tools/r8/graph/w$$Lambda$27
instanceKlass com/android/tools/r8/t/a/a/B
instanceKlass com/android/tools/r8/t/a/a/k
instanceKlass com/android/tools/r8/graph/B$a
instanceKlass com/android/tools/r8/t/a/a/n
instanceKlass com/android/tools/r8/t/a/a/u
instanceKlass com/android/tools/r8/t/a/a/j
instanceKlass com/android/tools/r8/t/a/a/d
instanceKlass com/android/tools/r8/t/a/a/f
instanceKlass java/util/Random
instanceKlass java/util/concurrent/locks/AbstractQueuedSynchronizer$Node
instanceKlass java/util/concurrent/locks/AbstractOwnableSynchronizer
instanceKlass java/util/concurrent/RunnableFuture
instanceKlass com/android/tools/r8/dex/ApplicationReader$a$$Lambda$25
instanceKlass java/util/concurrent/Callable
instanceKlass com/android/tools/r8/graph/h$$Lambda$24
instanceKlass java/lang/invoke/LambdaForm$DMH
instanceKlass com/android/tools/r8/dex/ApplicationReader$a$$Lambda$23
instanceKlass java/lang/invoke/LambdaForm$DMH
instanceKlass com/android/tools/r8/t/a/a/h
instanceKlass com/android/tools/r8/t/a/a/a
instanceKlass com/android/tools/r8/graph/B
instanceKlass com/android/tools/r8/graph/h$$Lambda$22
instanceKlass com/android/tools/r8/graph/h$$Lambda$21
instanceKlass com/android/tools/r8/graph/h$$Lambda$20
instanceKlass com/android/tools/r8/graph/h$$Lambda$19
instanceKlass com/android/tools/r8/graph/h$$Lambda$18
instanceKlass java/lang/invoke/LambdaForm$DMH
instanceKlass com/android/tools/r8/graph/h$$Lambda$17
instanceKlass com/android/tools/r8/graph/g
instanceKlass java/lang/invoke/LambdaForm$DMH
instanceKlass com/android/tools/r8/graph/AppInfo$ResolutionResult
instanceKlass com/android/tools/r8/graph/EnclosingMethodAttribute
instanceKlass com/android/tools/r8/graph/NestHostClassAttribute
instanceKlass com/android/tools/r8/utils/M
instanceKlass com/android/tools/r8/ProgramResource
instanceKlass com/android/tools/r8/m/a/a/d/j
instanceKlass com/android/tools/r8/graph/w
instanceKlass java/util/concurrent/ConcurrentLinkedQueue$Node
instanceKlass com/android/tools/r8/dex/ApplicationReader$a
instanceKlass com/android/tools/r8/dex/ApplicationReader$$Lambda$16
instanceKlass com/android/tools/r8/dex/ApplicationReader$b
instanceKlass java/lang/invoke/LambdaForm$DMH
instanceKlass com/android/tools/r8/graph/AccessFlags
instanceKlass com/android/tools/r8/utils/k
instanceKlass com/android/tools/r8/graph/DexApplication
instanceKlass com/android/tools/r8/graph/DexApplication$Builder
instanceKlass com/android/tools/r8/dex/ApplicationReader
instanceKlass com/android/tools/r8/utils/Timing$a
instanceKlass com/android/tools/r8/utils/Timing
instanceKlass com/android/tools/r8/D8$$Lambda$15
instanceKlass com/android/tools/r8/utils/t$a
instanceKlass java/lang/invoke/LambdaForm$DMH
instanceKlass java/util/concurrent/ForkJoinPool$1
instanceKlass java/util/concurrent/ForkJoinPool$DefaultForkJoinWorkerThreadFactory
instanceKlass java/util/concurrent/ForkJoinTask
instanceKlass java/util/concurrent/Future
instanceKlass sun/nio/ch/Interruptible
instanceKlass java/util/concurrent/ForkJoinPool$WorkQueue
instanceKlass java/util/concurrent/ForkJoinPool$ForkJoinWorkerThreadFactory
instanceKlass java/util/concurrent/AbstractExecutorService
instanceKlass java/util/concurrent/Executors
instanceKlass com/android/tools/r8/utils/ThreadUtils
instanceKlass com/android/tools/r8/utils/InternalOptions$TestingOptions$MinifierTestingOptions
instanceKlass com/android/tools/r8/utils/IROrdering$a
instanceKlass com/android/tools/r8/utils/IROrdering
instanceKlass com/android/tools/r8/utils/InternalOptions$TestingOptions
instanceKlass com/android/tools/r8/utils/InternalOptions$OutlineOptions
instanceKlass java/net/URLClassLoader$2
instanceKlass sun/misc/Launcher$BootClassPathHolder$1
instanceKlass sun/misc/Launcher$BootClassPathHolder
instanceKlass com/android/tools/r8/utils/VersionProperties
instanceKlass com/android/tools/r8/Version
instanceKlass com/android/tools/r8/r/c$b
instanceKlass com/android/tools/r8/r/c$a
instanceKlass java/util/stream/Sink$ChainedInt
instanceKlass java/util/stream/Sink$OfInt
instanceKlass java/util/function/IntConsumer
instanceKlass java/util/stream/ReduceOps$Box
instanceKlass java/util/stream/ReduceOps$AccumulatingSink
instanceKlass java/util/stream/TerminalSink
instanceKlass java/util/stream/Sink
instanceKlass java/util/stream/ReduceOps$ReduceOp
instanceKlass java/util/stream/TerminalOp
instanceKlass java/util/stream/ReduceOps
instanceKlass java/util/stream/Collectors$$Lambda$14
instanceKlass java/util/stream/Collectors$$Lambda$13
instanceKlass java/util/stream/Collectors$CollectorImpl
instanceKlass java/util/stream/Collector
instanceKlass java/lang/invoke/LambdaForm$MH
instanceKlass java/util/stream/Collectors$$Lambda$12
instanceKlass java/util/function/BiConsumer
instanceKlass java/lang/invoke/LambdaForm$DMH
instanceKlass java/util/stream/Collectors$$Lambda$11
instanceKlass java/lang/invoke/LambdaForm$DMH
instanceKlass java/util/stream/Collectors$$Lambda$10
instanceKlass java/util/function/BinaryOperator
instanceKlass java/util/function/BiFunction
instanceKlass java/util/stream/Collectors
instanceKlass java/util/function/Function$$Lambda$9
instanceKlass com/android/tools/r8/r/b$$Lambda$8
instanceKlass java/util/stream/Stream
instanceKlass java/util/stream/IntPipeline$$Lambda$7
instanceKlass java/util/function/IntFunction
instanceKlass java/lang/invoke/LambdaForm$DMH
instanceKlass java/util/EnumMap$1
instanceKlass java/util/stream/StreamOpFlag$MaskBuilder
instanceKlass java/util/stream/PipelineHelper
instanceKlass java/util/stream/StreamSupport
instanceKlass java/util/stream/Streams$RangeIntSpliterator
instanceKlass java/util/Spliterator$OfInt
instanceKlass java/util/Spliterator$OfPrimitive
instanceKlass java/util/stream/IntStream
instanceKlass java/util/stream/BaseStream
instanceKlass com/android/tools/r8/n/a/a/a/h/d
instanceKlass com/android/tools/r8/n/a/a/a/h/Q
instanceKlass com/android/tools/r8/n/a/a/a/h/L
instanceKlass com/android/tools/r8/r/b
instanceKlass com/android/tools/r8/r/c
instanceKlass com/android/tools/r8/graph/DexItemFactory$n
instanceKlass com/android/tools/r8/graph/DexItemFactory$m
instanceKlass com/android/tools/r8/graph/DexItemFactory$k
instanceKlass com/android/tools/r8/graph/DexItemFactory$b
instanceKlass com/android/tools/r8/graph/DexItemFactory$l
instanceKlass com/android/tools/r8/graph/DexItemFactory$h
instanceKlass com/android/tools/r8/graph/DexItemFactory$e
instanceKlass com/android/tools/r8/graph/DexItemFactory$d
instanceKlass com/android/tools/r8/graph/DexItemFactory$c
instanceKlass com/android/tools/r8/graph/DexItemFactory$p
instanceKlass com/android/tools/r8/graph/DexItemFactory$f
instanceKlass com/android/tools/r8/graph/DexItemFactory$g
instanceKlass com/android/tools/r8/graph/DexItemFactory$o
instanceKlass com/android/tools/r8/graph/DexItemFactory$i
instanceKlass com/android/tools/r8/graph/DexItemFactory$j
instanceKlass com/android/tools/r8/graph/DexItemFactory$StringBuildingMethods
instanceKlass java/lang/StrictMath
instanceKlass com/android/tools/r8/n/a/a/a/d
instanceKlass com/android/tools/r8/n/a/a/a/g/a0
instanceKlass com/android/tools/r8/n/a/a/a/h/q0
instanceKlass com/android/tools/r8/n/a/a/a/g/c1
instanceKlass com/android/tools/r8/n/a/a/a/g/J0
instanceKlass com/android/tools/r8/n/a/a/a/g/O0
instanceKlass com/android/tools/r8/n/a/a/a/h/g0
instanceKlass com/android/tools/r8/n/a/a/a/h/k0
instanceKlass com/android/tools/r8/n/a/a/a/g/d
instanceKlass com/android/tools/r8/n/a/a/a/c
instanceKlass com/android/tools/r8/graph/p
instanceKlass com/android/tools/r8/ir/analysis/type/TypeLatticeElement
instanceKlass com/android/tools/r8/graph/M
instanceKlass com/android/tools/r8/graph/L
instanceKlass com/android/tools/r8/graph/DexItem
instanceKlass com/android/tools/r8/n/a/a/a/g/b0
instanceKlass com/android/tools/r8/n/a/a/a/g/X
instanceKlass com/android/tools/r8/n/a/a/a/a
instanceKlass com/android/tools/r8/graph/DexItemFactory
instanceKlass com/android/tools/r8/utils/InternalOptions
instanceKlass sun/nio/fs/AbstractBasicFileAttributeView
instanceKlass sun/nio/fs/DynamicFileAttributeView
instanceKlass sun/nio/fs/WindowsFileAttributeViews
instanceKlass java/nio/file/attribute/BasicFileAttributeView
instanceKlass java/nio/file/attribute/FileAttributeView
instanceKlass java/nio/file/attribute/AttributeView
instanceKlass sun/nio/fs/WindowsFileAttributes
instanceKlass java/nio/file/attribute/DosFileAttributes
instanceKlass java/nio/file/attribute/BasicFileAttributes
instanceKlass sun/nio/fs/WindowsDirectoryStream
instanceKlass java/nio/file/DirectoryStream
instanceKlass com/android/tools/r8/utils/s
instanceKlass com/android/tools/r8/DataResource
instanceKlass com/android/tools/r8/utils/P
instanceKlass com/android/tools/r8/position/Position$a
instanceKlass com/android/tools/r8/position/Position
instanceKlass com/android/tools/r8/shaking/FilteredClassPath
instanceKlass com/android/tools/r8/utils/ArchiveResourceProvider
instanceKlass com/android/tools/r8/DataResourceProvider
instanceKlass com/android/tools/r8/BaseCommand$Builder$$Lambda$6
instanceKlass com/android/tools/r8/BaseCommand$Builder$$Lambda$5
instanceKlass com/android/tools/r8/m/a/a/a/M
instanceKlass com/android/tools/r8/m/a/a/a/X
instanceKlass java/util/function/Supplier
instanceKlass com/android/tools/r8/m/a/a/a/H
instanceKlass com/android/tools/r8/m/a/a/b/k
instanceKlass java/util/AbstractMap$SimpleImmutableEntry
instanceKlass com/android/tools/r8/m/a/a/b/i0$a
instanceKlass com/android/tools/r8/m/a/a/b/q
instanceKlass com/android/tools/r8/m/a/a/b/i0
instanceKlass com/android/tools/r8/utils/DescriptorUtils
instanceKlass com/android/tools/r8/utils/ZipUtils
instanceKlass java/util/zip/ZipFile$ZipEntryIterator
instanceKlass java/lang/invoke/LambdaForm$MH
instanceKlass java/lang/invoke/LambdaForm$MH
instanceKlass java/lang/invoke/InnerClassLambdaMetafactory$1
instanceKlass com/android/tools/r8/utils/x$$Lambda$4
instanceKlass java/util/function/Predicate
instanceKlass java/lang/invoke/LambdaForm$DMH
instanceKlass com/android/tools/r8/utils/x
instanceKlass com/android/tools/r8/utils/FileUtils
instanceKlass sun/nio/ch/FileDispatcherImpl$1
instanceKlass sun/nio/ch/NativeDispatcher
instanceKlass sun/nio/ch/NativeThreadSet
instanceKlass sun/nio/ch/IOUtil$1
instanceKlass sun/nio/ch/IOUtil
instanceKlass java/nio/file/attribute/FileAttribute
instanceKlass java/nio/channels/spi/AbstractInterruptibleChannel
instanceKlass java/nio/channels/InterruptibleChannel
instanceKlass java/nio/channels/ScatteringByteChannel
instanceKlass java/nio/channels/GatheringByteChannel
instanceKlass java/nio/channels/SeekableByteChannel
instanceKlass java/nio/channels/ByteChannel
instanceKlass java/nio/channels/WritableByteChannel
instanceKlass java/nio/channels/ReadableByteChannel
instanceKlass java/nio/channels/Channel
instanceKlass sun/nio/fs/NativeBuffer$Deallocator
instanceKlass sun/nio/fs/NativeBuffer
instanceKlass sun/nio/fs/NativeBuffers
instanceKlass sun/nio/fs/WindowsNativeDispatcher$BackupResult
instanceKlass sun/nio/fs/WindowsNativeDispatcher$CompletionStatus
instanceKlass sun/nio/fs/WindowsNativeDispatcher$AclInformation
instanceKlass sun/nio/fs/WindowsNativeDispatcher$Account
instanceKlass sun/nio/fs/WindowsNativeDispatcher$DiskFreeSpace
instanceKlass sun/nio/fs/WindowsNativeDispatcher$VolumeInformation
instanceKlass sun/nio/fs/WindowsNativeDispatcher$FirstStream
instanceKlass sun/nio/fs/WindowsNativeDispatcher$FirstFile
instanceKlass sun/nio/fs/WindowsNativeDispatcher$1
instanceKlass sun/nio/fs/WindowsNativeDispatcher
instanceKlass java/util/Collections$EmptyIterator
instanceKlass sun/nio/fs/WindowsChannelFactory$Flags
instanceKlass sun/nio/fs/WindowsChannelFactory$1
instanceKlass sun/nio/fs/WindowsChannelFactory
instanceKlass java/nio/file/Files
instanceKlass java/nio/file/CopyOption
instanceKlass java/nio/file/OpenOption
instanceKlass com/android/tools/r8/BaseCommand$Builder$$Lambda$3
instanceKlass java/util/function/Consumer
instanceKlass java/lang/invoke/LambdaForm$MH
instanceKlass com/android/tools/r8/BaseCommand$Builder$$Lambda$2
instanceKlass java/lang/invoke/LambdaForm$DMH
instanceKlass sun/nio/fs/AbstractPath
instanceKlass sun/nio/fs/Util
instanceKlass sun/nio/fs/WindowsPathParser$Result
instanceKlass sun/nio/fs/WindowsPathParser
instanceKlass java/nio/file/FileSystem
instanceKlass java/nio/file/spi/FileSystemProvider
instanceKlass sun/nio/fs/DefaultFileSystemProvider
instanceKlass java/nio/file/FileSystems$DefaultFileSystemHolder$1
instanceKlass java/nio/file/FileSystems$DefaultFileSystemHolder
instanceKlass java/nio/file/FileSystems
instanceKlass java/nio/file/Paths
instanceKlass com/android/tools/r8/utils/StringUtils
instanceKlass com/android/tools/r8/m/a/a/b/X
instanceKlass com/android/tools/r8/D8CommandParser$OrderedClassFileResourceProvider$Builder
instanceKlass com/android/tools/r8/D8CommandParser$OrderedClassFileResourceProvider
instanceKlass com/android/tools/r8/ProgramResourceProvider
instanceKlass com/android/tools/r8/StringResource
instanceKlass com/android/tools/r8/utils/AndroidApp$Builder
instanceKlass com/android/tools/r8/Resource
instanceKlass com/android/tools/r8/DataResourceProvider$Visitor
instanceKlass com/android/tools/r8/utils/AndroidApp
instanceKlass com/android/tools/r8/utils/Reporter
instanceKlass com/android/tools/r8/D8Command$b
instanceKlass com/android/tools/r8/DiagnosticsHandler
instanceKlass com/android/tools/r8/StringConsumer
instanceKlass com/android/tools/r8/ClassFileConsumer$ForwardingConsumer
instanceKlass com/android/tools/r8/ClassFileConsumer
instanceKlass com/android/tools/r8/DexFilePerClassFileConsumer$ForwardingConsumer
instanceKlass com/android/tools/r8/DexFilePerClassFileConsumer
instanceKlass com/android/tools/r8/InternalProgramOutputPathConsumer
instanceKlass com/android/tools/r8/DataResourceConsumer
instanceKlass com/android/tools/r8/DexIndexedConsumer$ForwardingConsumer
instanceKlass com/android/tools/r8/DexIndexedConsumer
instanceKlass com/android/tools/r8/ByteBufferProvider
instanceKlass com/android/tools/r8/ProgramConsumer
instanceKlass java/util/StringJoiner
instanceKlass com/android/tools/r8/ir/code/Instruction
instanceKlass com/android/tools/r8/ir/code/E
instanceKlass com/android/tools/r8/e
instanceKlass java/util/Spliterator
instanceKlass java/util/NavigableSet
instanceKlass java/util/SortedSet
instanceKlass com/android/tools/r8/m/a/a/a/B
instanceKlass com/android/tools/r8/m/a/a/b/Y2
instanceKlass com/android/tools/r8/m/a/a/b/x
instanceKlass com/android/tools/r8/ClassFileResourceProvider
instanceKlass com/android/tools/r8/a
instanceKlass com/android/tools/r8/Diagnostic
instanceKlass com/android/tools/r8/utils/t
instanceKlass java/lang/invoke/LambdaForm$MH
instanceKlass com/android/tools/r8/D8$$Lambda$1
instanceKlass java/lang/invoke/InfoFromMemberName
instanceKlass java/lang/invoke/MethodHandleInfo
instanceKlass sun/security/util/SecurityConstants
instanceKlass java/security/AccessController$1
instanceKlass java/lang/invoke/AbstractValidatingLambdaMetafactory
instanceKlass java/lang/invoke/LambdaForm$BMH
instanceKlass java/lang/invoke/LambdaForm$BMH
instanceKlass java/lang/invoke/LambdaForm$BMH
instanceKlass java/lang/invoke/LambdaForm$BMH
instanceKlass sun/reflect/UnsafeFieldAccessorFactory
instanceKlass jdk/internal/org/objectweb/asm/FieldVisitor
instanceKlass java/lang/invoke/BoundMethodHandle$Factory$1
instanceKlass java/lang/invoke/BoundMethodHandle$SpeciesData$1
instanceKlass java/lang/invoke/LambdaForm$BMH
instanceKlass java/lang/invoke/LambdaForm$MH
instanceKlass java/lang/invoke/LambdaForm$BMH
instanceKlass java/lang/invoke/LambdaForm$MH
instanceKlass java/lang/invoke/LambdaForm$DMH
instanceKlass java/lang/invoke/LambdaForm$DMH
instanceKlass java/lang/invoke/LambdaForm$BMH
instanceKlass java/lang/invoke/LambdaForm$BMH
instanceKlass java/lang/invoke/LambdaForm$MH
instanceKlass java/lang/invoke/LambdaFormBuffer
instanceKlass java/lang/invoke/LambdaFormEditor
instanceKlass java/lang/invoke/LambdaForm$BMH
instanceKlass java/lang/invoke/LambdaForm$DMH
instanceKlass java/lang/invoke/LambdaForm$DMH
instanceKlass java/lang/invoke/LambdaForm$DMH
instanceKlass java/lang/invoke/LambdaForm$DMH
instanceKlass java/lang/invoke/LambdaForm$MH
instanceKlass java/lang/invoke/LambdaForm$DMH
instanceKlass java/lang/invoke/LambdaForm$DMH
instanceKlass java/lang/invoke/LambdaForm$MH
instanceKlass java/lang/invoke/LambdaForm$DMH
instanceKlass java/lang/invoke/LambdaForm$DMH
instanceKlass java/lang/invoke/LambdaForm$MH
instanceKlass java/lang/invoke/LambdaForm$DMH
instanceKlass java/lang/invoke/LambdaForm$DMH
instanceKlass java/lang/invoke/LambdaForm$MH
instanceKlass java/lang/invoke/LambdaForm$DMH
instanceKlass java/lang/invoke/LambdaForm$DMH
instanceKlass java/lang/invoke/LambdaForm$MH
instanceKlass java/lang/invoke/LambdaForm$DMH
instanceKlass java/lang/invoke/LambdaForm$MH
instanceKlass java/lang/invoke/LambdaForm$DMH
instanceKlass java/lang/invoke/LambdaForm$DMH
instanceKlass java/lang/invoke/LambdaForm$MH
instanceKlass java/lang/invoke/LambdaForm$DMH
instanceKlass java/lang/invoke/LambdaForm$DMH
instanceKlass java/lang/invoke/LambdaForm$MH
instanceKlass java/lang/invoke/LambdaForm$DMH
instanceKlass java/lang/invoke/LambdaForm$MH
instanceKlass java/lang/invoke/LambdaForm$DMH
instanceKlass java/lang/invoke/LambdaForm$MH
instanceKlass java/lang/invoke/LambdaForm$DMH
instanceKlass java/lang/invoke/LambdaForm$DMH
instanceKlass java/lang/invoke/MethodHandleImpl$Lazy
instanceKlass java/lang/invoke/LambdaForm$BMH
instanceKlass java/lang/invoke/LambdaForm$MH
instanceKlass java/lang/invoke/LambdaForm$DMH
instanceKlass java/lang/invoke/LambdaForm$DMH
instanceKlass java/lang/invoke/LambdaForm$DMH
instanceKlass com/android/tools/r8/utils/t$b
instanceKlass sun/reflect/ClassDefiner$1
instanceKlass sun/reflect/ClassDefiner
instanceKlass sun/reflect/MethodAccessorGenerator$1
instanceKlass sun/reflect/Label$PatchInfo
instanceKlass sun/reflect/Label
instanceKlass sun/reflect/UTF8
instanceKlass sun/reflect/ClassFileAssembler
instanceKlass sun/reflect/ByteVectorImpl
instanceKlass sun/reflect/ByteVector
instanceKlass sun/reflect/ByteVectorFactory
instanceKlass sun/reflect/AccessorGenerator
instanceKlass sun/reflect/ClassFileConstants
instanceKlass java/lang/invoke/LambdaForm$DMH
instanceKlass java/util/SubList$1
instanceKlass java/lang/invoke/LambdaForm$MH
instanceKlass java/lang/invoke/LambdaForm$MH
instanceKlass java/lang/invoke/LambdaForm$MH
instanceKlass java/lang/invoke/LambdaForm$MH
instanceKlass java/lang/invoke/LambdaForm$MH
instanceKlass java/lang/invoke/LambdaForm$MH
instanceKlass java/lang/invoke/LambdaForm$MH
instanceKlass java/lang/invoke/LambdaForm$MH
instanceKlass java/lang/invoke/LambdaForm$MH
instanceKlass java/lang/invoke/LambdaForm$MH
instanceKlass java/lang/invoke/LambdaForm$MH
instanceKlass java/lang/invoke/LambdaForm$MH
instanceKlass java/lang/invoke/InvokerBytecodeGenerator$CpPatch
instanceKlass java/lang/invoke/LambdaForm$DMH
instanceKlass java/lang/invoke/LambdaForm$DMH
instanceKlass java/lang/invoke/LambdaForm$DMH
instanceKlass java/lang/invoke/LambdaForm$DMH
instanceKlass java/lang/invoke/LambdaForm$DMH
instanceKlass sun/invoke/empty/Empty
instanceKlass sun/invoke/util/VerifyType
instanceKlass java/lang/invoke/InvokerBytecodeGenerator$2
instanceKlass jdk/internal/org/objectweb/asm/AnnotationVisitor
instanceKlass jdk/internal/org/objectweb/asm/Frame
instanceKlass jdk/internal/org/objectweb/asm/Label
instanceKlass jdk/internal/org/objectweb/asm/Type
instanceKlass jdk/internal/org/objectweb/asm/MethodVisitor
instanceKlass jdk/internal/org/objectweb/asm/Item
instanceKlass jdk/internal/org/objectweb/asm/ByteVector
instanceKlass jdk/internal/org/objectweb/asm/ClassVisitor
instanceKlass java/lang/invoke/InvokerBytecodeGenerator
instanceKlass java/util/AbstractList$Itr
instanceKlass java/util/Collections$UnmodifiableCollection$1
instanceKlass java/lang/invoke/DirectMethodHandle$Lazy
instanceKlass sun/invoke/util/BytecodeDescriptor
instanceKlass java/lang/invoke/BoundMethodHandle$Factory
instanceKlass java/lang/invoke/BoundMethodHandle$SpeciesData
instanceKlass java/lang/invoke/LambdaForm$NamedFunction
instanceKlass java/lang/invoke/LambdaForm$Name
instanceKlass sun/invoke/util/ValueConversions
instanceKlass sun/invoke/util/VerifyAccess
instanceKlass java/lang/Long$LongCache
instanceKlass java/lang/Character$CharacterCache
instanceKlass java/lang/Short$ShortCache
instanceKlass java/lang/Byte$ByteCache
instanceKlass sun/invoke/util/Wrapper$Format
instanceKlass java/lang/invoke/MethodHandles
instanceKlass java/lang/invoke/Invokers
instanceKlass java/lang/invoke/MethodTypeForm
instanceKlass java/lang/invoke/MethodType$ConcurrentWeakInternSet
instanceKlass java/lang/invoke/MethodHandles$Lookup
instanceKlass java/lang/invoke/LambdaMetafactory
instanceKlass java/lang/Void
instanceKlass java/util/concurrent/ExecutorService
instanceKlass java/util/concurrent/Executor
instanceKlass com/android/tools/r8/BaseCommand$Builder
instanceKlass com/android/tools/r8/origin/Origin
instanceKlass com/android/tools/r8/BaseCommand
instanceKlass sun/launcher/LauncherHelper$FXHelper
instanceKlass com/android/tools/r8/D8
instanceKlass java/io/FilePermission$1
instanceKlass sun/net/www/MessageHeader
instanceKlass java/net/URLConnection
instanceKlass java/security/PermissionCollection
instanceKlass sun/nio/ByteBuffered
instanceKlass sun/security/util/ManifestEntryVerifier$SunProviderHolder
instanceKlass sun/nio/cs/Surrogate
instanceKlass sun/nio/cs/Surrogate$Parser
instanceKlass java/util/Base64$Encoder
instanceKlass java/util/Base64$Decoder
instanceKlass java/util/Base64
instanceKlass java/security/Timestamp
instanceKlass sun/security/timestamp/TimestampToken
instanceKlass java/security/cert/CertPath
instanceKlass java/math/MutableBigInteger
instanceKlass sun/security/rsa/RSAPadding
instanceKlass sun/security/rsa/RSACore
instanceKlass java/security/interfaces/RSAPrivateCrtKey
instanceKlass sun/security/pkcs/PKCS8Key
instanceKlass java/security/interfaces/RSAPrivateKey
instanceKlass java/security/PrivateKey
instanceKlass sun/security/jca/ServiceId
instanceKlass java/security/SignatureSpi
instanceKlass javax/crypto/SecretKey
instanceKlass javax/security/auth/Destroyable
instanceKlass sun/security/util/Length
instanceKlass sun/security/util/KeyUtil
instanceKlass sun/text/normalizer/NormalizerBase$1
instanceKlass sun/text/normalizer/NormalizerBase$QuickCheckResult
instanceKlass sun/text/normalizer/NormalizerBase$Mode
instanceKlass sun/text/normalizer/NormalizerBase
instanceKlass java/text/Normalizer
instanceKlass sun/security/x509/AVAKeyword
instanceKlass sun/security/provider/ByteArrayAccess
instanceKlass java/security/MessageDigestSpi
instanceKlass sun/security/util/ConstraintsParameters
instanceKlass sun/security/pkcs/PKCS9Attribute
instanceKlass sun/security/pkcs/PKCS9Attributes
instanceKlass java/lang/Class$4
instanceKlass java/lang/Class$MethodArray
instanceKlass sun/security/pkcs/SignerInfo
instanceKlass sun/security/x509/GeneralNames
instanceKlass sun/security/x509/DistributionPoint
instanceKlass java/security/cert/PolicyQualifierInfo
instanceKlass sun/security/x509/CertificatePolicyId
instanceKlass sun/security/x509/PolicyInformation
instanceKlass sun/security/x509/DNSName
instanceKlass java/net/URI$Parser
instanceKlass java/net/URI
instanceKlass sun/security/x509/URIName
instanceKlass sun/security/x509/GeneralName
instanceKlass sun/security/x509/AccessDescription
instanceKlass sun/security/util/MemoryCache$CacheEntry
instanceKlass sun/security/x509/X509AttributeName
instanceKlass sun/security/x509/KeyIdentifier
instanceKlass sun/security/x509/OIDMap$OIDInfo
instanceKlass sun/security/x509/PKIXExtensions
instanceKlass sun/security/x509/OIDMap
instanceKlass sun/security/x509/Extension
instanceKlass java/security/cert/Extension
instanceKlass java/util/Collections$SynchronizedMap
instanceKlass sun/security/x509/CertificateExtensions
instanceKlass java/security/interfaces/RSAPublicKey
instanceKlass java/security/interfaces/RSAKey
instanceKlass java/security/spec/RSAPrivateKeySpec
instanceKlass java/security/spec/RSAPublicKeySpec
instanceKlass java/security/KeyFactorySpi
instanceKlass sun/security/rsa/SunRsaSignEntries
instanceKlass sun/security/jca/ProviderList$ServiceList$1
instanceKlass java/security/KeyFactory
instanceKlass java/security/spec/EncodedKeySpec
instanceKlass java/security/spec/KeySpec
instanceKlass sun/security/util/BitArray
instanceKlass sun/security/x509/X509Key
instanceKlass java/security/PublicKey
instanceKlass java/security/Key
instanceKlass sun/security/x509/CertificateX509Key
instanceKlass java/util/Date
instanceKlass sun/util/calendar/CalendarUtils
instanceKlass sun/util/calendar/CalendarDate
instanceKlass sun/util/calendar/CalendarSystem
instanceKlass sun/security/x509/CertificateValidity
instanceKlass sun/security/action/GetBooleanAction
instanceKlass sun/security/x509/AVA
instanceKlass sun/security/x509/RDN
instanceKlass javax/security/auth/x500/X500Principal
instanceKlass sun/security/x509/X500Name$1
instanceKlass sun/security/x509/X500Name
instanceKlass sun/security/x509/GeneralNameInterface
instanceKlass sun/security/x509/CertificateAlgorithmId
instanceKlass sun/security/x509/SerialNumber
instanceKlass sun/security/x509/CertificateSerialNumber
instanceKlass sun/security/x509/CertificateVersion
instanceKlass sun/security/x509/X509CertInfo
instanceKlass sun/security/x509/CertAttrSet
instanceKlass sun/security/util/Cache$EqualByteArray
instanceKlass java/security/cert/X509Extension
instanceKlass sun/security/jca/GetInstance$Instance
instanceKlass sun/security/util/Cache
instanceKlass java/security/Provider$UString
instanceKlass java/security/Provider$Service
instanceKlass java/util/LinkedHashMap$LinkedHashIterator
instanceKlass sun/security/provider/NativePRNG$NonBlocking
instanceKlass sun/security/provider/NativePRNG$Blocking
instanceKlass sun/security/provider/NativePRNG
instanceKlass sun/security/provider/SunEntries$1
instanceKlass sun/security/provider/SunEntries
instanceKlass sun/security/jca/ProviderConfig$2
instanceKlass sun/security/jca/GetInstance
instanceKlass java/security/cert/CertificateFactorySpi
instanceKlass java/security/cert/CertificateFactory
instanceKlass sun/security/x509/AlgorithmId
instanceKlass sun/security/util/ByteArrayTagOrder
instanceKlass sun/security/util/ByteArrayLexOrder
instanceKlass sun/security/util/DerEncoder
instanceKlass sun/security/util/DerValue
instanceKlass sun/security/util/ObjectIdentifier
instanceKlass sun/security/pkcs/ContentInfo
instanceKlass sun/security/util/DerIndefLenConverter
instanceKlass sun/security/util/DerInputStream
instanceKlass sun/security/pkcs/PKCS7
instanceKlass sun/security/jca/ProviderList$2
instanceKlass sun/misc/FDBigInteger
instanceKlass sun/misc/FloatingDecimal$PreparedASCIIToBinaryBuffer
instanceKlass sun/misc/FloatingDecimal$ASCIIToBinaryConverter
instanceKlass sun/misc/FloatingDecimal$BinaryToASCIIBuffer
instanceKlass sun/misc/FloatingDecimal$ExceptionalBinaryToASCIIBuffer
instanceKlass sun/misc/FloatingDecimal$BinaryToASCIIConverter
instanceKlass sun/misc/FloatingDecimal
instanceKlass java/security/Provider$EngineDescription
instanceKlass java/security/Provider$ServiceKey
instanceKlass sun/security/jca/ProviderConfig
instanceKlass sun/security/jca/ProviderList
instanceKlass sun/security/jca/Providers
instanceKlass sun/security/util/ManifestDigester$Entry
instanceKlass sun/security/util/ManifestDigester$Position
instanceKlass sun/security/util/ManifestDigester
instanceKlass java/util/ArrayList$Itr
instanceKlass sun/security/util/DisabledAlgorithmConstraints$1
instanceKlass sun/security/util/DisabledAlgorithmConstraints$Constraint
instanceKlass java/util/regex/Matcher
instanceKlass java/util/regex/MatchResult
instanceKlass sun/security/util/DisabledAlgorithmConstraints$Constraints
instanceKlass java/util/ArrayList$SubList$1
instanceKlass java/util/ListIterator
instanceKlass java/util/Properties$LineReader
instanceKlass java/security/Security$1
instanceKlass java/security/Security
instanceKlass sun/security/util/AbstractAlgorithmConstraints$1
instanceKlass java/util/regex/ASCII
instanceKlass java/util/regex/Pattern$TreeInfo
instanceKlass java/util/regex/Pattern$Node
instanceKlass java/util/regex/Pattern
instanceKlass sun/security/util/AlgorithmDecomposer
instanceKlass sun/security/util/AbstractAlgorithmConstraints
instanceKlass java/security/AlgorithmConstraints
instanceKlass sun/security/util/SignatureFileVerifier
instanceKlass sun/security/util/ManifestEntryVerifier
instanceKlass java/lang/Package
instanceKlass java/util/jar/JarVerifier$3
instanceKlass java/security/CodeSigner
instanceKlass java/util/jar/JarVerifier
instanceKlass sun/misc/ASCIICaseInsensitiveComparator
instanceKlass java/util/jar/Attributes$Name
instanceKlass java/util/jar/Attributes
instanceKlass sun/misc/Resource
instanceKlass java/nio/file/attribute/FileTime
instanceKlass java/util/zip/ZipUtils
instanceKlass sun/misc/IOUtils
instanceKlass java/util/zip/ZStreamRef
instanceKlass java/util/zip/Inflater
instanceKlass java/util/zip/ZipEntry
instanceKlass sun/misc/ExtensionDependency
instanceKlass sun/misc/JarIndex
instanceKlass sun/nio/ch/DirectBuffer
instanceKlass sun/misc/PerfCounter$CoreCounters
instanceKlass sun/misc/Perf
instanceKlass sun/misc/Perf$GetPerfAction
instanceKlass sun/misc/PerfCounter
instanceKlass java/util/zip/ZipCoder
instanceKlass java/util/Deque
instanceKlass java/util/Queue
instanceKlass java/nio/charset/StandardCharsets
instanceKlass java/util/jar/JavaUtilJarAccessImpl
instanceKlass sun/misc/JavaUtilJarAccess
instanceKlass sun/misc/FileURLMapper
instanceKlass sun/misc/URLClassPath$JarLoader$1
instanceKlass sun/nio/cs/ThreadLocalCoders$Cache
instanceKlass sun/nio/cs/ThreadLocalCoders
instanceKlass java/util/zip/ZipFile$1
instanceKlass sun/misc/JavaUtilZipFileAccess
instanceKlass java/util/zip/ZipFile
instanceKlass java/util/zip/ZipConstants
instanceKlass sun/misc/URLClassPath$Loader
instanceKlass sun/misc/URLClassPath$3
instanceKlass sun/net/util/URLUtil
instanceKlass java/net/URLClassLoader$1
instanceKlass java/lang/StringCoding$StringDecoder
instanceKlass java/io/FileOutputStream$1
instanceKlass java/lang/StringCoding$StringEncoder
instanceKlass java/lang/ThreadLocal$ThreadLocalMap
instanceKlass java/lang/StringCoding
instanceKlass sun/usagetracker/UsageTrackerClient$3
instanceKlass java/util/TreeMap$Entry
instanceKlass java/lang/ProcessEnvironment$CheckedEntry
instanceKlass java/util/HashMap$HashIterator
instanceKlass java/lang/ProcessEnvironment$CheckedEntrySet$1
instanceKlass java/util/NavigableMap
instanceKlass java/util/SortedMap
instanceKlass java/util/Collections$UnmodifiableMap
instanceKlass java/lang/ProcessEnvironment$EntryComparator
instanceKlass java/lang/ProcessEnvironment$NameComparator
instanceKlass sun/usagetracker/UsageTrackerClient$2
instanceKlass sun/usagetracker/UsageTrackerClient$4
instanceKlass sun/usagetracker/UsageTrackerClient$1
instanceKlass java/util/concurrent/atomic/AtomicBoolean
instanceKlass sun/usagetracker/UsageTrackerClient
instanceKlass sun/misc/PostVMInitHook
instanceKlass java/lang/invoke/MethodHandleStatics$1
instanceKlass java/lang/invoke/MethodHandleStatics
instanceKlass java/lang/invoke/MemberName$Factory
instanceKlass java/lang/ClassValue$Version
instanceKlass java/lang/ClassValue$Identity
instanceKlass java/lang/ClassValue
instanceKlass java/lang/invoke/MethodHandleImpl$3
instanceKlass java/lang/invoke/MethodHandleImpl$2
instanceKlass java/util/function/Function
instanceKlass java/lang/invoke/MethodHandleImpl$1
instanceKlass java/lang/invoke/MethodHandleImpl
instanceKlass java/lang/SystemClassLoaderAction
instanceKlass sun/misc/Launcher$AppClassLoader$1
instanceKlass sun/misc/URLClassPath
instanceKlass java/security/Principal
instanceKlass java/security/ProtectionDomain$Key
instanceKlass java/security/ProtectionDomain$2
instanceKlass sun/misc/JavaSecurityProtectionDomainAccess
instanceKlass java/security/ProtectionDomain$JavaSecurityAccessImpl
instanceKlass sun/misc/JavaSecurityAccess
instanceKlass java/net/URLStreamHandler
instanceKlass java/net/Parts
instanceKlass java/util/BitSet
instanceKlass sun/net/www/ParseUtil
instanceKlass java/io/FileInputStream$1
instanceKlass java/lang/CharacterData
instanceKlass sun/util/locale/LocaleUtils
instanceKlass java/util/Locale$LocaleKey
instanceKlass sun/util/locale/BaseLocale$Key
instanceKlass sun/util/locale/BaseLocale
instanceKlass java/util/concurrent/ConcurrentHashMap$CollectionView
instanceKlass java/util/concurrent/ConcurrentHashMap$CounterCell
instanceKlass java/util/concurrent/ConcurrentHashMap$Node
instanceKlass java/util/concurrent/locks/ReentrantLock
instanceKlass java/util/concurrent/locks/Lock
instanceKlass java/util/concurrent/ConcurrentMap
instanceKlass sun/util/locale/LocaleObjectCache
instanceKlass java/util/Locale
instanceKlass java/lang/reflect/Array
instanceKlass java/nio/charset/CoderResult$Cache
instanceKlass java/nio/charset/CoderResult
instanceKlass java/nio/charset/CharsetDecoder
instanceKlass sun/nio/cs/ArrayDecoder
instanceKlass java/io/Reader
instanceKlass java/lang/Readable
instanceKlass sun/misc/MetaIndex
instanceKlass sun/misc/Launcher$ExtClassLoader$1
instanceKlass java/util/StringTokenizer
instanceKlass java/net/URLClassLoader$7
instanceKlass sun/misc/JavaNetAccess
instanceKlass java/lang/ClassLoader$ParallelLoaders
instanceKlass sun/security/util/Debug
instanceKlass sun/misc/Launcher$Factory
instanceKlass java/net/URLStreamHandlerFactory
instanceKlass java/lang/Compiler$1
instanceKlass java/lang/Compiler
instanceKlass java/lang/System$2
instanceKlass sun/misc/JavaLangAccess
instanceKlass sun/io/Win32ErrorMode
instanceKlass sun/misc/OSEnvironment
instanceKlass java/lang/Integer$IntegerCache
instanceKlass sun/misc/NativeSignalHandler
instanceKlass sun/misc/Signal
instanceKlass java/lang/Terminator$1
instanceKlass sun/misc/SignalHandler
instanceKlass java/lang/Terminator
instanceKlass java/lang/ClassLoader$NativeLibrary
instanceKlass java/io/ExpiringCache$Entry
instanceKlass java/lang/ClassLoader$3
instanceKlass java/nio/file/Path
instanceKlass java/nio/file/Watchable
instanceKlass java/lang/Enum
instanceKlass java/io/ExpiringCache
instanceKlass java/io/FileSystem
instanceKlass java/io/DefaultFileSystem
instanceKlass java/nio/Bits$1
instanceKlass sun/misc/JavaNioAccess
instanceKlass java/nio/ByteOrder
instanceKlass java/nio/Bits
instanceKlass java/nio/charset/CodingErrorAction
instanceKlass java/nio/charset/CharsetEncoder
instanceKlass sun/nio/cs/ArrayEncoder
instanceKlass sun/reflect/ReflectionFactory$1
instanceKlass java/lang/Class$1
instanceKlass sun/nio/cs/SingleByte
instanceKlass sun/nio/cs/HistoricallyNamedCharset
instanceKlass sun/security/action/GetPropertyAction
instanceKlass java/lang/ThreadLocal
instanceKlass java/nio/charset/spi/CharsetProvider
instanceKlass java/nio/charset/Charset
instanceKlass java/io/Writer
instanceKlass java/util/Arrays
instanceKlass sun/reflect/misc/ReflectUtil
instanceKlass java/lang/reflect/ReflectAccess
instanceKlass sun/reflect/LangReflectAccess
instanceKlass java/lang/reflect/Modifier
instanceKlass sun/reflect/annotation/AnnotationType
instanceKlass java/lang/Class$AnnotationData
instanceKlass sun/reflect/generics/repository/AbstractRepository
instanceKlass java/lang/Class$Atomic
instanceKlass java/lang/Class$ReflectionData
instanceKlass java/lang/Class$3
instanceKlass java/util/concurrent/atomic/AtomicReferenceFieldUpdater$AtomicReferenceFieldUpdaterImpl$1
instanceKlass java/security/PrivilegedExceptionAction
instanceKlass java/util/concurrent/atomic/AtomicReferenceFieldUpdater
instanceKlass java/io/OutputStream
instanceKlass java/io/Flushable
instanceKlass java/io/FileDescriptor$1
instanceKlass sun/misc/JavaIOFileDescriptorAccess
instanceKlass java/io/FileDescriptor
instanceKlass sun/misc/Version
instanceKlass java/lang/Runtime
instanceKlass java/util/Hashtable$Enumerator
instanceKlass java/util/Iterator
instanceKlass java/util/Enumeration
instanceKlass java/util/Objects
instanceKlass java/util/Collections$SynchronizedCollection
instanceKlass java/lang/Math
instanceKlass java/util/Hashtable$Entry
instanceKlass sun/misc/VM
instanceKlass java/util/HashMap$Node
instanceKlass java/util/Map$Entry
instanceKlass sun/reflect/Reflection
instanceKlass sun/misc/SharedSecrets
instanceKlass java/lang/ref/Reference$1
instanceKlass sun/misc/JavaLangRefAccess
instanceKlass java/lang/ref/ReferenceQueue$Lock
instanceKlass java/lang/ref/ReferenceQueue
instanceKlass java/util/Collections$UnmodifiableCollection
instanceKlass java/util/AbstractMap
instanceKlass java/util/Set
instanceKlass java/util/Collections
instanceKlass java/lang/ref/Reference$Lock
instanceKlass sun/reflect/ReflectionFactory
instanceKlass java/util/AbstractCollection
instanceKlass java/util/RandomAccess
instanceKlass java/util/List
instanceKlass java/util/Collection
instanceKlass java/lang/Iterable
instanceKlass java/security/cert/Certificate
instanceKlass sun/reflect/ReflectionFactory$GetReflectionFactoryAction
instanceKlass java/security/PrivilegedAction
instanceKlass java/security/AccessController
instanceKlass java/security/Permission
instanceKlass java/security/Guard
instanceKlass java/lang/String$CaseInsensitiveComparator
instanceKlass java/util/Comparator
instanceKlass java/io/ObjectStreamField
instanceKlass java/lang/Number
instanceKlass java/lang/Character
instanceKlass java/lang/Boolean
instanceKlass java/nio/Buffer
instanceKlass java/lang/StackTraceElement
instanceKlass java/security/CodeSource
instanceKlass sun/misc/Launcher
instanceKlass java/util/jar/Manifest
instanceKlass java/net/URL
instanceKlass java/io/File
instanceKlass java/io/InputStream
instanceKlass java/io/Closeable
instanceKlass java/lang/AutoCloseable
instanceKlass sun/misc/Unsafe
instanceKlass java/lang/AbstractStringBuilder
instanceKlass java/lang/Appendable
instanceKlass java/lang/invoke/CallSite
instanceKlass java/lang/invoke/MethodType
instanceKlass java/lang/invoke/LambdaForm
instanceKlass java/lang/invoke/MethodHandleNatives
instanceKlass java/lang/invoke/MemberName
instanceKlass java/lang/invoke/MethodHandle
instanceKlass sun/reflect/CallerSensitive
instanceKlass java/lang/annotation/Annotation
instanceKlass sun/reflect/FieldAccessor
instanceKlass sun/reflect/ConstantPool
instanceKlass sun/reflect/ConstructorAccessor
instanceKlass sun/reflect/MethodAccessor
instanceKlass sun/reflect/MagicAccessorImpl
instanceKlass java/lang/reflect/Parameter
instanceKlass java/lang/reflect/Member
instanceKlass java/lang/reflect/AccessibleObject
instanceKlass java/util/Dictionary
instanceKlass java/util/Map
instanceKlass java/lang/ThreadGroup
instanceKlass java/lang/Thread$UncaughtExceptionHandler
instanceKlass java/lang/Thread
instanceKlass java/lang/Runnable
instanceKlass java/lang/ref/Reference
instanceKlass java/security/AccessControlContext
instanceKlass java/security/ProtectionDomain
instanceKlass java/lang/SecurityManager
instanceKlass java/lang/Throwable
instanceKlass java/lang/System
instanceKlass java/lang/ClassLoader
instanceKlass java/lang/Cloneable
instanceKlass java/lang/Class
instanceKlass java/lang/reflect/Type
instanceKlass java/lang/reflect/GenericDeclaration
instanceKlass java/lang/reflect/AnnotatedElement
instanceKlass java/lang/String
instanceKlass java/lang/CharSequence
instanceKlass java/lang/Comparable
instanceKlass java/io/Serializable
